[ 2014-09-24T15:01:32+08:00 ] 127.0.0.1 /
INFO: [ app_init ] --START--
INFO: Run Behavior\BuildLiteBehavior [ RunTime:0.000013s ]
INFO: [ app_init ] --END-- [ RunTime:0.000257s ]
INFO: [ app_begin ] --START--
INFO: Run Behavior\ReadHtmlCacheBehavior [ RunTime:0.000239s ]
INFO: [ app_begin ] --END-- [ RunTime:0.000267s ]
NOTIC: [8192] mysql_connect(): The mysql extension is deprecated and will be removed in the future: use mysqli or PDO instead /var/www/html/mama/toupiao/ThinkPHP/Library/Think/Db/Driver/Mysql.class.php 第 52 行.
SQL: SHOW COLUMNS FROM `common` [ RunTime:0.000483s ]
ERR: 1146:Table 'mama_toupiao.common' doesn't exist
 [ SQL语句 ] : SHOW COLUMNS FROM `common`

[ 2014-09-24T15:01:32+08:00 ] 127.0.0.1 /User/index.html
INFO: [ app_init ] --START--
INFO: Run Behavior\BuildLiteBehavior [ RunTime:0.000009s ]
INFO: [ app_init ] --END-- [ RunTime:0.000166s ]
INFO: [ app_begin ] --START--
INFO: Run Behavior\ReadHtmlCacheBehavior [ RunTime:0.000207s ]
INFO: [ app_begin ] --END-- [ RunTime:0.000235s ]
INFO: [ view_parse ] --START--
INFO: [ template_filter ] --START--
INFO: Run Behavior\ContentReplaceBehavior [ RunTime:0.000023s ]
INFO: [ template_filter ] --END-- [ RunTime:0.000052s ]
NOTIC: [8] Undefined index: login_uid /var/www/html/mama/toupiao/Application/Runtime/Cache/Home/6830cbac89ff06451c77cd8769d6d4ca.php 第 55 行.
INFO: Run Behavior\ParseTemplateBehavior [ RunTime:0.003311s ]
INFO: [ view_parse ] --END-- [ RunTime:0.003336s ]
INFO: [ view_filter ] --START--
INFO: Run Behavior\WriteHtmlCacheBehavior [ RunTime:0.070393s ]
INFO: [ view_filter ] --END-- [ RunTime:0.070434s ]
INFO: [ app_end ] --START--
INFO: Run Behavior\ShowPageTraceBehavior [ RunTime:0.010711s ]
INFO: [ app_end ] --END-- [ RunTime:0.010768s ]

[ 2014-09-24T15:01:38+08:00 ] 127.0.0.1 /User/login.html
INFO: [ app_init ] --START--
INFO: Run Behavior\BuildLiteBehavior [ RunTime:0.000012s ]
INFO: [ app_init ] --END-- [ RunTime:0.000185s ]
INFO: [ app_begin ] --START--
INFO: Run Behavior\ReadHtmlCacheBehavior [ RunTime:0.000262s ]
INFO: [ app_begin ] --END-- [ RunTime:0.000292s ]
INFO: [ view_parse ] --START--
INFO: [ template_filter ] --START--
INFO: Run Behavior\ContentReplaceBehavior [ RunTime:0.000023s ]
INFO: [ template_filter ] --END-- [ RunTime:0.000066s ]
INFO: Run Behavior\ParseTemplateBehavior [ RunTime:0.003087s ]
INFO: [ view_parse ] --END-- [ RunTime:0.003126s ]
INFO: [ view_filter ] --START--
INFO: Run Behavior\WriteHtmlCacheBehavior [ RunTime:0.000105s ]
INFO: [ view_filter ] --END-- [ RunTime:0.000138s ]
INFO: [ app_end ] --START--
INFO: Run Behavior\ShowPageTraceBehavior [ RunTime:0.000377s ]
INFO: [ app_end ] --END-- [ RunTime:0.000431s ]

[ 2014-09-24T15:01:40+08:00 ] 127.0.0.1 /Vote/index.html
INFO: [ app_init ] --START--
INFO: Run Behavior\BuildLiteBehavior [ RunTime:0.000009s ]
INFO: [ app_init ] --END-- [ RunTime:0.000168s ]
INFO: [ app_begin ] --START--
INFO: Run Behavior\ReadHtmlCacheBehavior [ RunTime:0.000207s ]
INFO: [ app_begin ] --END-- [ RunTime:0.000233s ]
NOTIC: [8192] mysql_connect(): The mysql extension is deprecated and will be removed in the future: use mysqli or PDO instead /var/www/html/mama/toupiao/ThinkPHP/Library/Think/Db/Driver/Mysql.class.php 第 52 行.
SQL: SHOW COLUMNS FROM `common` [ RunTime:0.000339s ]
ERR: 1146:Table 'mama_toupiao.common' doesn't exist
 [ SQL语句 ] : SHOW COLUMNS FROM `common`
SQL: SHOW COLUMNS FROM `project` [ RunTime:0.278909s ]
SQL: SELECT COUNT(*) AS tp_count FROM `project` WHERE ( type = 1 AND del = 0 ) LIMIT 1   [ RunTime:0.293852s ]
SQL: SELECT * FROM `project` WHERE ( type = 1 AND del = 0 ) ORDER BY dateline DESC LIMIT 0,15   [ RunTime:0.000482s ]
INFO: [ view_parse ] --START--
INFO: [ template_filter ] --START--
INFO: Run Behavior\ContentReplaceBehavior [ RunTime:0.000031s ]
INFO: [ template_filter ] --END-- [ RunTime:0.000071s ]
NOTIC: [8] Undefined variable: registerClass /var/www/html/mama/toupiao/Application/Runtime/Cache/Home/9eb0be1c8543928b722255f5f5e17aa1.php 第 36 行.
NOTIC: [8] Undefined variable: researchClass /var/www/html/mama/toupiao/Application/Runtime/Cache/Home/9eb0be1c8543928b722255f5f5e17aa1.php 第 39 行.
NOTIC: [8] Undefined variable: addClass /var/www/html/mama/toupiao/Application/Runtime/Cache/Home/9eb0be1c8543928b722255f5f5e17aa1.php 第 63 行.
NOTIC: [8] Use of undefined constant id - assumed 'id' /var/www/html/mama/toupiao/Application/Runtime/Cache/Home/9eb0be1c8543928b722255f5f5e17aa1.php 第 86 行.
NOTIC: [8] Use of undefined constant id - assumed 'id' /var/www/html/mama/toupiao/Application/Runtime/Cache/Home/9eb0be1c8543928b722255f5f5e17aa1.php 第 86 行.
NOTIC: [8] Use of undefined constant id - assumed 'id' /var/www/html/mama/toupiao/Application/Runtime/Cache/Home/9eb0be1c8543928b722255f5f5e17aa1.php 第 86 行.
NOTIC: [8] Use of undefined constant id - assumed 'id' /var/www/html/mama/toupiao/Application/Runtime/Cache/Home/9eb0be1c8543928b722255f5f5e17aa1.php 第 86 行.
NOTIC: [8] Use of undefined constant id - assumed 'id' /var/www/html/mama/toupiao/Application/Runtime/Cache/Home/9eb0be1c8543928b722255f5f5e17aa1.php 第 86 行.
NOTIC: [8] Use of undefined constant id - assumed 'id' /var/www/html/mama/toupiao/Application/Runtime/Cache/Home/9eb0be1c8543928b722255f5f5e17aa1.php 第 86 行.
NOTIC: [8] Use of undefined constant id - assumed 'id' /var/www/html/mama/toupiao/Application/Runtime/Cache/Home/9eb0be1c8543928b722255f5f5e17aa1.php 第 86 行.
NOTIC: [8] Use of undefined constant id - assumed 'id' /var/www/html/mama/toupiao/Application/Runtime/Cache/Home/9eb0be1c8543928b722255f5f5e17aa1.php 第 86 行.
NOTIC: [8] Use of undefined constant id - assumed 'id' /var/www/html/mama/toupiao/Application/Runtime/Cache/Home/9eb0be1c8543928b722255f5f5e17aa1.php 第 86 行.
NOTIC: [8] Use of undefined constant id - assumed 'id' /var/www/html/mama/toupiao/Application/Runtime/Cache/Home/9eb0be1c8543928b722255f5f5e17aa1.php 第 86 行.
NOTIC: [8] Use of undefined constant id - assumed 'id' /var/www/html/mama/toupiao/Application/Runtime/Cache/Home/9eb0be1c8543928b722255f5f5e17aa1.php 第 86 行.
NOTIC: [8] Use of undefined constant id - assumed 'id' /var/www/html/mama/toupiao/Application/Runtime/Cache/Home/9eb0be1c8543928b722255f5f5e17aa1.php 第 86 行.
NOTIC: [8] Use of undefined constant id - assumed 'id' /var/www/html/mama/toupiao/Application/Runtime/Cache/Home/9eb0be1c8543928b722255f5f5e17aa1.php 第 86 行.
NOTIC: [8] Use of undefined constant id - assumed 'id' /var/www/html/mama/toupiao/Application/Runtime/Cache/Home/9eb0be1c8543928b722255f5f5e17aa1.php 第 86 行.
NOTIC: [8] Use of undefined constant id - assumed 'id' /var/www/html/mama/toupiao/Application/Runtime/Cache/Home/9eb0be1c8543928b722255f5f5e17aa1.php 第 86 行.
NOTIC: [8] Use of undefined constant id - assumed 'id' /var/www/html/mama/toupiao/Application/Runtime/Cache/Home/9eb0be1c8543928b722255f5f5e17aa1.php 第 86 行.
NOTIC: [8] Use of undefined constant id - assumed 'id' /var/www/html/mama/toupiao/Application/Runtime/Cache/Home/9eb0be1c8543928b722255f5f5e17aa1.php 第 86 行.
NOTIC: [8] Use of undefined constant id - assumed 'id' /var/www/html/mama/toupiao/Application/Runtime/Cache/Home/9eb0be1c8543928b722255f5f5e17aa1.php 第 86 行.
NOTIC: [8] Use of undefined constant id - assumed 'id' /var/www/html/mama/toupiao/Application/Runtime/Cache/Home/9eb0be1c8543928b722255f5f5e17aa1.php 第 86 行.
NOTIC: [8] Use of undefined constant id - assumed 'id' /var/www/html/mama/toupiao/Application/Runtime/Cache/Home/9eb0be1c8543928b722255f5f5e17aa1.php 第 86 行.
NOTIC: [8] Use of undefined constant id - assumed 'id' /var/www/html/mama/toupiao/Application/Runtime/Cache/Home/9eb0be1c8543928b722255f5f5e17aa1.php 第 86 行.
NOTIC: [8] Use of undefined constant id - assumed 'id' /var/www/html/mama/toupiao/Application/Runtime/Cache/Home/9eb0be1c8543928b722255f5f5e17aa1.php 第 86 行.
NOTIC: [8] Use of undefined constant id - assumed 'id' /var/www/html/mama/toupiao/Application/Runtime/Cache/Home/9eb0be1c8543928b722255f5f5e17aa1.php 第 86 行.
NOTIC: [8] Use of undefined constant id - assumed 'id' /var/www/html/mama/toupiao/Application/Runtime/Cache/Home/9eb0be1c8543928b722255f5f5e17aa1.php 第 86 行.
NOTIC: [8] Use of undefined constant id - assumed 'id' /var/www/html/mama/toupiao/Application/Runtime/Cache/Home/9eb0be1c8543928b722255f5f5e17aa1.php 第 86 行.
NOTIC: [8] Use of undefined constant id - assumed 'id' /var/www/html/mama/toupiao/Application/Runtime/Cache/Home/9eb0be1c8543928b722255f5f5e17aa1.php 第 86 行.
NOTIC: [8] Use of undefined constant id - assumed 'id' /var/www/html/mama/toupiao/Application/Runtime/Cache/Home/9eb0be1c8543928b722255f5f5e17aa1.php 第 86 行.
NOTIC: [8] Use of undefined constant id - assumed 'id' /var/www/html/mama/toupiao/Application/Runtime/Cache/Home/9eb0be1c8543928b722255f5f5e17aa1.php 第 86 行.
NOTIC: [8] Use of undefined constant id - assumed 'id' /var/www/html/mama/toupiao/Application/Runtime/Cache/Home/9eb0be1c8543928b722255f5f5e17aa1.php 第 86 行.
NOTIC: [8] Use of undefined constant id - assumed 'id' /var/www/html/mama/toupiao/Application/Runtime/Cache/Home/9eb0be1c8543928b722255f5f5e17aa1.php 第 86 行.
NOTIC: [8] Use of undefined constant id - assumed 'id' /var/www/html/mama/toupiao/Application/Runtime/Cache/Home/9eb0be1c8543928b722255f5f5e17aa1.php 第 86 行.
NOTIC: [8] Use of undefined constant id - assumed 'id' /var/www/html/mama/toupiao/Application/Runtime/Cache/Home/9eb0be1c8543928b722255f5f5e17aa1.php 第 86 行.
NOTIC: [8] Use of undefined constant id - assumed 'id' /var/www/html/mama/toupiao/Application/Runtime/Cache/Home/9eb0be1c8543928b722255f5f5e17aa1.php 第 86 行.
NOTIC: [8] Use of undefined constant id - assumed 'id' /var/www/html/mama/toupiao/Application/Runtime/Cache/Home/9eb0be1c8543928b722255f5f5e17aa1.php 第 86 行.
NOTIC: [8] Use of undefined constant id - assumed 'id' /var/www/html/mama/toupiao/Application/Runtime/Cache/Home/9eb0be1c8543928b722255f5f5e17aa1.php 第 86 行.
NOTIC: [8] Use of undefined constant id - assumed 'id' /var/www/html/mama/toupiao/Application/Runtime/Cache/Home/9eb0be1c8543928b722255f5f5e17aa1.php 第 86 行.
NOTIC: [8] Use of undefined constant id - assumed 'id' /var/www/html/mama/toupiao/Application/Runtime/Cache/Home/9eb0be1c8543928b722255f5f5e17aa1.php 第 86 行.
NOTIC: [8] Use of undefined constant id - assumed 'id' /var/www/html/mama/toupiao/Application/Runtime/Cache/Home/9eb0be1c8543928b722255f5f5e17aa1.php 第 86 行.
NOTIC: [8] Use of undefined constant id - assumed 'id' /var/www/html/mama/toupiao/Application/Runtime/Cache/Home/9eb0be1c8543928b722255f5f5e17aa1.php 第 86 行.
NOTIC: [8] Use of undefined constant id - assumed 'id' /var/www/html/mama/toupiao/Application/Runtime/Cache/Home/9eb0be1c8543928b722255f5f5e17aa1.php 第 86 行.
NOTIC: [8] Use of undefined constant id - assumed 'id' /var/www/html/mama/toupiao/Application/Runtime/Cache/Home/9eb0be1c8543928b722255f5f5e17aa1.php 第 86 行.
NOTIC: [8] Use of undefined constant id - assumed 'id' /var/www/html/mama/toupiao/Application/Runtime/Cache/Home/9eb0be1c8543928b722255f5f5e17aa1.php 第 86 行.
NOTIC: [8] Use of undefined constant id - assumed 'id' /var/www/html/mama/toupiao/Application/Runtime/Cache/Home/9eb0be1c8543928b722255f5f5e17aa1.php 第 86 行.
NOTIC: [8] Use of undefined constant id - assumed 'id' /var/www/html/mama/toupiao/Application/Runtime/Cache/Home/9eb0be1c8543928b722255f5f5e17aa1.php 第 86 行.
NOTIC: [8] Use of undefined constant id - assumed 'id' /var/www/html/mama/toupiao/Application/Runtime/Cache/Home/9eb0be1c8543928b722255f5f5e17aa1.php 第 86 行.
NOTIC: [8] Undefined variable: optionType /var/www/html/mama/toupiao/Application/Runtime/Cache/Home/9eb0be1c8543928b722255f5f5e17aa1.php 第 138 行.
INFO: Run Behavior\ParseTemplateBehavior [ RunTime:0.054849s ]
INFO: [ view_parse ] --END-- [ RunTime:0.054877s ]
INFO: [ view_filter ] --START--
INFO: Run Behavior\WriteHtmlCacheBehavior [ RunTime:0.000073s ]
INFO: [ view_filter ] --END-- [ RunTime:0.000093s ]
INFO: [ app_end ] --START--
INFO: Run Behavior\ShowPageTraceBehavior [ RunTime:0.000270s ]
INFO: [ app_end ] --END-- [ RunTime:0.000296s ]

[ 2014-09-24T16:04:17+08:00 ] 127.0.0.1 /User/logout.html
INFO: [ app_init ] --START--
INFO: Run Behavior\BuildLiteBehavior [ RunTime:0.000010s ]
INFO: [ app_init ] --END-- [ RunTime:0.000252s ]
INFO: [ app_begin ] --START--
INFO: Run Behavior\ReadHtmlCacheBehavior [ RunTime:0.000228s ]
INFO: [ app_begin ] --END-- [ RunTime:0.000260s ]
INFO: [ view_parse ] --START--
INFO: [ template_filter ] --START--
INFO: Run Behavior\ContentReplaceBehavior [ RunTime:0.000021s ]
INFO: [ template_filter ] --END-- [ RunTime:0.000060s ]
INFO: Run Behavior\ParseTemplateBehavior [ RunTime:0.034636s ]
INFO: [ view_parse ] --END-- [ RunTime:0.034683s ]
INFO: [ view_filter ] --START--
INFO: Run Behavior\WriteHtmlCacheBehavior [ RunTime:0.000080s ]
INFO: [ view_filter ] --END-- [ RunTime:0.000100s ]
INFO: [ app_end ] --START--
INFO: Run Behavior\ShowPageTraceBehavior [ RunTime:0.000253s ]
INFO: [ app_end ] --END-- [ RunTime:0.000278s ]

[ 2014-09-24T16:04:18+08:00 ] 127.0.0.1 /User/index.html
INFO: [ app_init ] --START--
INFO: Run Behavior\BuildLiteBehavior [ RunTime:0.000010s ]
INFO: [ app_init ] --END-- [ RunTime:0.000183s ]
INFO: [ app_begin ] --START--
INFO: Run Behavior\ReadHtmlCacheBehavior [ RunTime:0.000220s ]
INFO: [ app_begin ] --END-- [ RunTime:0.000253s ]
INFO: [ view_parse ] --START--
INFO: [ template_filter ] --START--
INFO: Run Behavior\ContentReplaceBehavior [ RunTime:0.000028s ]
INFO: [ template_filter ] --END-- [ RunTime:0.000080s ]
NOTIC: [8] Undefined index: login_uid /var/www/html/mama/toupiao/Application/Runtime/Cache/Home/6830cbac89ff06451c77cd8769d6d4ca.php 第 55 行.
INFO: Run Behavior\ParseTemplateBehavior [ RunTime:0.003847s ]
INFO: [ view_parse ] --END-- [ RunTime:0.003879s ]
INFO: [ view_filter ] --START--
INFO: Run Behavior\WriteHtmlCacheBehavior [ RunTime:0.000109s ]
INFO: [ view_filter ] --END-- [ RunTime:0.000130s ]
INFO: [ app_end ] --START--
INFO: Run Behavior\ShowPageTraceBehavior [ RunTime:0.000313s ]
INFO: [ app_end ] --END-- [ RunTime:0.000344s ]

