[ 2014-09-25T09:06:16+08:00 ] 127.0.0.1 /
INFO: [ app_init ] --START--
INFO: Run Behavior\BuildLiteBehavior [ RunTime:0.000014s ]
INFO: [ app_init ] --END-- [ RunTime:0.000362s ]
INFO: [ app_begin ] --START--
INFO: Run Behavior\ReadHtmlCacheBehavior [ RunTime:0.021728s ]
INFO: [ app_begin ] --END-- [ RunTime:0.021811s ]
NOTIC: [8192] mysql_connect(): The mysql extension is deprecated and will be removed in the future: use mysqli or PDO instead /var/www/html/mama/toupiao/ThinkPHP/Library/Think/Db/Driver/Mysql.class.php 第 52 行.
SQL: SHOW COLUMNS FROM `common` [ RunTime:0.000335s ]
ERR: 1146:Table 'mama_toupiao.common' doesn't exist
 [ SQL语句 ] : SHOW COLUMNS FROM `common`

[ 2014-09-25T09:06:16+08:00 ] 127.0.0.1 /User/index.html
INFO: [ app_init ] --START--
INFO: Run Behavior\BuildLiteBehavior [ RunTime:0.000010s ]
INFO: [ app_init ] --END-- [ RunTime:0.000200s ]
INFO: [ app_begin ] --START--
INFO: Run Behavior\ReadHtmlCacheBehavior [ RunTime:0.000241s ]
INFO: [ app_begin ] --END-- [ RunTime:0.000273s ]
INFO: [ view_parse ] --START--
INFO: [ template_filter ] --START--
INFO: Run Behavior\ContentReplaceBehavior [ RunTime:0.000028s ]
INFO: [ template_filter ] --END-- [ RunTime:0.000071s ]
NOTIC: [8] Undefined index: login_uid /var/www/html/mama/toupiao/Application/Runtime/Cache/Home/6830cbac89ff06451c77cd8769d6d4ca.php 第 55 行.
INFO: Run Behavior\ParseTemplateBehavior [ RunTime:0.067101s ]
INFO: [ view_parse ] --END-- [ RunTime:0.067147s ]
INFO: [ view_filter ] --START--
INFO: Run Behavior\WriteHtmlCacheBehavior [ RunTime:0.016371s ]
INFO: [ view_filter ] --END-- [ RunTime:0.016408s ]
INFO: [ app_end ] --START--
INFO: Run Behavior\ShowPageTraceBehavior [ RunTime:0.010591s ]
INFO: [ app_end ] --END-- [ RunTime:0.010635s ]

[ 2014-09-25T09:06:20+08:00 ] 127.0.0.1 /User/login.html
INFO: [ app_init ] --START--
INFO: Run Behavior\BuildLiteBehavior [ RunTime:0.000009s ]
INFO: [ app_init ] --END-- [ RunTime:0.000164s ]
INFO: [ app_begin ] --START--
INFO: Run Behavior\ReadHtmlCacheBehavior [ RunTime:0.000207s ]
INFO: [ app_begin ] --END-- [ RunTime:0.000233s ]
INFO: [ view_parse ] --START--
INFO: [ template_filter ] --START--
INFO: Run Behavior\ContentReplaceBehavior [ RunTime:0.000020s ]
INFO: [ template_filter ] --END-- [ RunTime:0.000057s ]
INFO: Run Behavior\ParseTemplateBehavior [ RunTime:0.002908s ]
INFO: [ view_parse ] --END-- [ RunTime:0.002935s ]
INFO: [ view_filter ] --START--
INFO: Run Behavior\WriteHtmlCacheBehavior [ RunTime:0.000068s ]
INFO: [ view_filter ] --END-- [ RunTime:0.000086s ]
INFO: [ app_end ] --START--
INFO: Run Behavior\ShowPageTraceBehavior [ RunTime:0.000252s ]
INFO: [ app_end ] --END-- [ RunTime:0.000276s ]

[ 2014-09-25T09:06:21+08:00 ] 127.0.0.1 /Vote/index.html
INFO: [ app_init ] --START--
INFO: Run Behavior\BuildLiteBehavior [ RunTime:0.000010s ]
INFO: [ app_init ] --END-- [ RunTime:0.000167s ]
INFO: [ app_begin ] --START--
INFO: Run Behavior\ReadHtmlCacheBehavior [ RunTime:0.000210s ]
INFO: [ app_begin ] --END-- [ RunTime:0.000237s ]
NOTIC: [8192] mysql_connect(): The mysql extension is deprecated and will be removed in the future: use mysqli or PDO instead /var/www/html/mama/toupiao/ThinkPHP/Library/Think/Db/Driver/Mysql.class.php 第 52 行.
SQL: SHOW COLUMNS FROM `common` [ RunTime:0.000335s ]
ERR: 1146:Table 'mama_toupiao.common' doesn't exist
 [ SQL语句 ] : SHOW COLUMNS FROM `common`
SQL: SHOW COLUMNS FROM `project` [ RunTime:0.153428s ]
SQL: SELECT COUNT(*) AS tp_count FROM `project` WHERE ( type = 1 AND del = 0 ) LIMIT 1   [ RunTime:0.062383s ]
SQL: SELECT * FROM `project` WHERE ( type = 1 AND del = 0 ) ORDER BY dateline DESC LIMIT 0,15   [ RunTime:0.009760s ]
INFO: [ view_parse ] --START--
INFO: [ template_filter ] --START--
INFO: Run Behavior\ContentReplaceBehavior [ RunTime:0.000031s ]
INFO: [ template_filter ] --END-- [ RunTime:0.000067s ]
NOTIC: [8] Undefined variable: registerClass /var/www/html/mama/toupiao/Application/Runtime/Cache/Home/9eb0be1c8543928b722255f5f5e17aa1.php 第 36 行.
NOTIC: [8] Undefined variable: researchClass /var/www/html/mama/toupiao/Application/Runtime/Cache/Home/9eb0be1c8543928b722255f5f5e17aa1.php 第 39 行.
NOTIC: [8] Undefined variable: addClass /var/www/html/mama/toupiao/Application/Runtime/Cache/Home/9eb0be1c8543928b722255f5f5e17aa1.php 第 63 行.
NOTIC: [8] Use of undefined constant id - assumed 'id' /var/www/html/mama/toupiao/Application/Runtime/Cache/Home/9eb0be1c8543928b722255f5f5e17aa1.php 第 86 行.
NOTIC: [8] Use of undefined constant id - assumed 'id' /var/www/html/mama/toupiao/Application/Runtime/Cache/Home/9eb0be1c8543928b722255f5f5e17aa1.php 第 86 行.
NOTIC: [8] Use of undefined constant id - assumed 'id' /var/www/html/mama/toupiao/Application/Runtime/Cache/Home/9eb0be1c8543928b722255f5f5e17aa1.php 第 86 行.
NOTIC: [8] Use of undefined constant id - assumed 'id' /var/www/html/mama/toupiao/Application/Runtime/Cache/Home/9eb0be1c8543928b722255f5f5e17aa1.php 第 86 行.
NOTIC: [8] Use of undefined constant id - assumed 'id' /var/www/html/mama/toupiao/Application/Runtime/Cache/Home/9eb0be1c8543928b722255f5f5e17aa1.php 第 86 行.
NOTIC: [8] Use of undefined constant id - assumed 'id' /var/www/html/mama/toupiao/Application/Runtime/Cache/Home/9eb0be1c8543928b722255f5f5e17aa1.php 第 86 行.
NOTIC: [8] Use of undefined constant id - assumed 'id' /var/www/html/mama/toupiao/Application/Runtime/Cache/Home/9eb0be1c8543928b722255f5f5e17aa1.php 第 86 行.
NOTIC: [8] Use of undefined constant id - assumed 'id' /var/www/html/mama/toupiao/Application/Runtime/Cache/Home/9eb0be1c8543928b722255f5f5e17aa1.php 第 86 行.
NOTIC: [8] Use of undefined constant id - assumed 'id' /var/www/html/mama/toupiao/Application/Runtime/Cache/Home/9eb0be1c8543928b722255f5f5e17aa1.php 第 86 行.
NOTIC: [8] Use of undefined constant id - assumed 'id' /var/www/html/mama/toupiao/Application/Runtime/Cache/Home/9eb0be1c8543928b722255f5f5e17aa1.php 第 86 行.
NOTIC: [8] Use of undefined constant id - assumed 'id' /var/www/html/mama/toupiao/Application/Runtime/Cache/Home/9eb0be1c8543928b722255f5f5e17aa1.php 第 86 行.
NOTIC: [8] Use of undefined constant id - assumed 'id' /var/www/html/mama/toupiao/Application/Runtime/Cache/Home/9eb0be1c8543928b722255f5f5e17aa1.php 第 86 行.
NOTIC: [8] Use of undefined constant id - assumed 'id' /var/www/html/mama/toupiao/Application/Runtime/Cache/Home/9eb0be1c8543928b722255f5f5e17aa1.php 第 86 行.
NOTIC: [8] Use of undefined constant id - assumed 'id' /var/www/html/mama/toupiao/Application/Runtime/Cache/Home/9eb0be1c8543928b722255f5f5e17aa1.php 第 86 行.
NOTIC: [8] Use of undefined constant id - assumed 'id' /var/www/html/mama/toupiao/Application/Runtime/Cache/Home/9eb0be1c8543928b722255f5f5e17aa1.php 第 86 行.
NOTIC: [8] Use of undefined constant id - assumed 'id' /var/www/html/mama/toupiao/Application/Runtime/Cache/Home/9eb0be1c8543928b722255f5f5e17aa1.php 第 86 行.
NOTIC: [8] Use of undefined constant id - assumed 'id' /var/www/html/mama/toupiao/Application/Runtime/Cache/Home/9eb0be1c8543928b722255f5f5e17aa1.php 第 86 行.
NOTIC: [8] Use of undefined constant id - assumed 'id' /var/www/html/mama/toupiao/Application/Runtime/Cache/Home/9eb0be1c8543928b722255f5f5e17aa1.php 第 86 行.
NOTIC: [8] Use of undefined constant id - assumed 'id' /var/www/html/mama/toupiao/Application/Runtime/Cache/Home/9eb0be1c8543928b722255f5f5e17aa1.php 第 86 行.
NOTIC: [8] Use of undefined constant id - assumed 'id' /var/www/html/mama/toupiao/Application/Runtime/Cache/Home/9eb0be1c8543928b722255f5f5e17aa1.php 第 86 行.
NOTIC: [8] Use of undefined constant id - assumed 'id' /var/www/html/mama/toupiao/Application/Runtime/Cache/Home/9eb0be1c8543928b722255f5f5e17aa1.php 第 86 行.
NOTIC: [8] Use of undefined constant id - assumed 'id' /var/www/html/mama/toupiao/Application/Runtime/Cache/Home/9eb0be1c8543928b722255f5f5e17aa1.php 第 86 行.
NOTIC: [8] Use of undefined constant id - assumed 'id' /var/www/html/mama/toupiao/Application/Runtime/Cache/Home/9eb0be1c8543928b722255f5f5e17aa1.php 第 86 行.
NOTIC: [8] Use of undefined constant id - assumed 'id' /var/www/html/mama/toupiao/Application/Runtime/Cache/Home/9eb0be1c8543928b722255f5f5e17aa1.php 第 86 行.
NOTIC: [8] Use of undefined constant id - assumed 'id' /var/www/html/mama/toupiao/Application/Runtime/Cache/Home/9eb0be1c8543928b722255f5f5e17aa1.php 第 86 行.
NOTIC: [8] Use of undefined constant id - assumed 'id' /var/www/html/mama/toupiao/Application/Runtime/Cache/Home/9eb0be1c8543928b722255f5f5e17aa1.php 第 86 行.
NOTIC: [8] Use of undefined constant id - assumed 'id' /var/www/html/mama/toupiao/Application/Runtime/Cache/Home/9eb0be1c8543928b722255f5f5e17aa1.php 第 86 行.
NOTIC: [8] Use of undefined constant id - assumed 'id' /var/www/html/mama/toupiao/Application/Runtime/Cache/Home/9eb0be1c8543928b722255f5f5e17aa1.php 第 86 行.
NOTIC: [8] Use of undefined constant id - assumed 'id' /var/www/html/mama/toupiao/Application/Runtime/Cache/Home/9eb0be1c8543928b722255f5f5e17aa1.php 第 86 行.
NOTIC: [8] Use of undefined constant id - assumed 'id' /var/www/html/mama/toupiao/Application/Runtime/Cache/Home/9eb0be1c8543928b722255f5f5e17aa1.php 第 86 行.
NOTIC: [8] Use of undefined constant id - assumed 'id' /var/www/html/mama/toupiao/Application/Runtime/Cache/Home/9eb0be1c8543928b722255f5f5e17aa1.php 第 86 行.
NOTIC: [8] Use of undefined constant id - assumed 'id' /var/www/html/mama/toupiao/Application/Runtime/Cache/Home/9eb0be1c8543928b722255f5f5e17aa1.php 第 86 行.
NOTIC: [8] Use of undefined constant id - assumed 'id' /var/www/html/mama/toupiao/Application/Runtime/Cache/Home/9eb0be1c8543928b722255f5f5e17aa1.php 第 86 行.
NOTIC: [8] Use of undefined constant id - assumed 'id' /var/www/html/mama/toupiao/Application/Runtime/Cache/Home/9eb0be1c8543928b722255f5f5e17aa1.php 第 86 行.
NOTIC: [8] Use of undefined constant id - assumed 'id' /var/www/html/mama/toupiao/Application/Runtime/Cache/Home/9eb0be1c8543928b722255f5f5e17aa1.php 第 86 行.
NOTIC: [8] Use of undefined constant id - assumed 'id' /var/www/html/mama/toupiao/Application/Runtime/Cache/Home/9eb0be1c8543928b722255f5f5e17aa1.php 第 86 行.
NOTIC: [8] Use of undefined constant id - assumed 'id' /var/www/html/mama/toupiao/Application/Runtime/Cache/Home/9eb0be1c8543928b722255f5f5e17aa1.php 第 86 行.
NOTIC: [8] Use of undefined constant id - assumed 'id' /var/www/html/mama/toupiao/Application/Runtime/Cache/Home/9eb0be1c8543928b722255f5f5e17aa1.php 第 86 行.
NOTIC: [8] Use of undefined constant id - assumed 'id' /var/www/html/mama/toupiao/Application/Runtime/Cache/Home/9eb0be1c8543928b722255f5f5e17aa1.php 第 86 行.
NOTIC: [8] Use of undefined constant id - assumed 'id' /var/www/html/mama/toupiao/Application/Runtime/Cache/Home/9eb0be1c8543928b722255f5f5e17aa1.php 第 86 行.
NOTIC: [8] Use of undefined constant id - assumed 'id' /var/www/html/mama/toupiao/Application/Runtime/Cache/Home/9eb0be1c8543928b722255f5f5e17aa1.php 第 86 行.
NOTIC: [8] Use of undefined constant id - assumed 'id' /var/www/html/mama/toupiao/Application/Runtime/Cache/Home/9eb0be1c8543928b722255f5f5e17aa1.php 第 86 行.
NOTIC: [8] Use of undefined constant id - assumed 'id' /var/www/html/mama/toupiao/Application/Runtime/Cache/Home/9eb0be1c8543928b722255f5f5e17aa1.php 第 86 行.
NOTIC: [8] Use of undefined constant id - assumed 'id' /var/www/html/mama/toupiao/Application/Runtime/Cache/Home/9eb0be1c8543928b722255f5f5e17aa1.php 第 86 行.
NOTIC: [8] Use of undefined constant id - assumed 'id' /var/www/html/mama/toupiao/Application/Runtime/Cache/Home/9eb0be1c8543928b722255f5f5e17aa1.php 第 86 行.
NOTIC: [8] Undefined variable: optionType /var/www/html/mama/toupiao/Application/Runtime/Cache/Home/9eb0be1c8543928b722255f5f5e17aa1.php 第 138 行.
INFO: Run Behavior\ParseTemplateBehavior [ RunTime:0.044408s ]
INFO: [ view_parse ] --END-- [ RunTime:0.044440s ]
INFO: [ view_filter ] --START--
INFO: Run Behavior\WriteHtmlCacheBehavior [ RunTime:0.000076s ]
INFO: [ view_filter ] --END-- [ RunTime:0.000096s ]
INFO: [ app_end ] --START--
INFO: Run Behavior\ShowPageTraceBehavior [ RunTime:0.000260s ]
INFO: [ app_end ] --END-- [ RunTime:0.000288s ]

[ 2014-09-25T09:06:26+08:00 ] 127.0.0.1 /Show/index/proId/216.html
INFO: [ app_init ] --START--
INFO: Run Behavior\BuildLiteBehavior [ RunTime:0.000016s ]
INFO: [ app_init ] --END-- [ RunTime:0.000234s ]
INFO: [ app_begin ] --START--
INFO: Run Behavior\ReadHtmlCacheBehavior [ RunTime:0.000263s ]
INFO: [ app_begin ] --END-- [ RunTime:0.000308s ]
NOTIC: [8192] mysql_connect(): The mysql extension is deprecated and will be removed in the future: use mysqli or PDO instead /var/www/html/mama/toupiao/ThinkPHP/Library/Think/Db/Driver/Mysql.class.php 第 52 行.
SQL: SHOW COLUMNS FROM `project` [ RunTime:0.000535s ]
SQL: SELECT * FROM `project` WHERE ( id = 216 ) LIMIT 1   [ RunTime:0.012124s ]
SQL: SHOW COLUMNS FROM `project_fields` [ RunTime:0.020073s ]
SQL: SELECT * FROM `project_fields` WHERE ( pid = 216 ) LIMIT 1   [ RunTime:0.000169s ]
NOTIC: [8] Undefined variable: optionLen /var/www/html/mama/toupiao/Application/Home/Controller/ShowController.class.php 第 46 行.
INFO: [ view_parse ] --START--
INFO: [ template_filter ] --START--
INFO: Run Behavior\ContentReplaceBehavior [ RunTime:0.000036s ]
INFO: [ template_filter ] --END-- [ RunTime:0.000081s ]
INFO: Run Behavior\ParseTemplateBehavior [ RunTime:0.024529s ]
INFO: [ view_parse ] --END-- [ RunTime:0.024566s ]
INFO: [ view_filter ] --START--
INFO: Run Behavior\WriteHtmlCacheBehavior [ RunTime:0.000083s ]
INFO: [ view_filter ] --END-- [ RunTime:0.000105s ]
INFO: [ app_end ] --START--
INFO: Run Behavior\ShowPageTraceBehavior [ RunTime:0.000259s ]
INFO: [ app_end ] --END-- [ RunTime:0.000288s ]

[ 2014-09-25T09:06:40+08:00 ] 127.0.0.1 /Show/index/proId/200.html
INFO: [ app_init ] --START--
INFO: Run Behavior\BuildLiteBehavior [ RunTime:0.000015s ]
INFO: [ app_init ] --END-- [ RunTime:0.000297s ]
INFO: [ app_begin ] --START--
INFO: Run Behavior\ReadHtmlCacheBehavior [ RunTime:0.000371s ]
INFO: [ app_begin ] --END-- [ RunTime:0.000417s ]
NOTIC: [8192] mysql_connect(): The mysql extension is deprecated and will be removed in the future: use mysqli or PDO instead /var/www/html/mama/toupiao/ThinkPHP/Library/Think/Db/Driver/Mysql.class.php 第 52 行.
SQL: SHOW COLUMNS FROM `project` [ RunTime:0.000688s ]
SQL: SELECT * FROM `project` WHERE ( id = 200 ) LIMIT 1   [ RunTime:0.000301s ]
SQL: SHOW COLUMNS FROM `project_fields` [ RunTime:0.000416s ]
SQL: SELECT * FROM `project_fields` WHERE ( pid = 200 ) LIMIT 1   [ RunTime:0.000149s ]
NOTIC: [8] Undefined variable: optionLen /var/www/html/mama/toupiao/Application/Home/Controller/ShowController.class.php 第 46 行.
INFO: [ view_parse ] --START--
INFO: [ template_filter ] --START--
INFO: Run Behavior\ContentReplaceBehavior [ RunTime:0.000031s ]
INFO: [ template_filter ] --END-- [ RunTime:0.000070s ]
INFO: Run Behavior\ParseTemplateBehavior [ RunTime:0.008703s ]
INFO: [ view_parse ] --END-- [ RunTime:0.008744s ]
INFO: [ view_filter ] --START--
INFO: Run Behavior\WriteHtmlCacheBehavior [ RunTime:0.000080s ]
INFO: [ view_filter ] --END-- [ RunTime:0.000099s ]
INFO: [ app_end ] --START--
INFO: Run Behavior\ShowPageTraceBehavior [ RunTime:0.000246s ]
INFO: [ app_end ] --END-- [ RunTime:0.000279s ]

[ 2014-09-25T09:06:48+08:00 ] 127.0.0.1 /Show/index/proId/201.html
INFO: [ app_init ] --START--
INFO: Run Behavior\BuildLiteBehavior [ RunTime:0.000010s ]
INFO: [ app_init ] --END-- [ RunTime:0.000206s ]
INFO: [ app_begin ] --START--
INFO: Run Behavior\ReadHtmlCacheBehavior [ RunTime:0.000211s ]
INFO: [ app_begin ] --END-- [ RunTime:0.000242s ]
NOTIC: [8192] mysql_connect(): The mysql extension is deprecated and will be removed in the future: use mysqli or PDO instead /var/www/html/mama/toupiao/ThinkPHP/Library/Think/Db/Driver/Mysql.class.php 第 52 行.
SQL: SHOW COLUMNS FROM `project` [ RunTime:0.000746s ]
SQL: SELECT * FROM `project` WHERE ( id = 201 ) LIMIT 1   [ RunTime:0.000238s ]
SQL: SHOW COLUMNS FROM `project_fields` [ RunTime:0.000451s ]
SQL: SELECT * FROM `project_fields` WHERE ( pid = 201 ) LIMIT 1   [ RunTime:0.000328s ]
NOTIC: [2] Invalid argument supplied for foreach() /var/www/html/mama/toupiao/Application/Home/Controller/ShowController.class.php 第 23 行.
NOTIC: [8] Undefined variable: optionLen /var/www/html/mama/toupiao/Application/Home/Controller/ShowController.class.php 第 46 行.
INFO: [ view_parse ] --START--
INFO: [ template_filter ] --START--
INFO: Run Behavior\ContentReplaceBehavior [ RunTime:0.000029s ]
INFO: [ template_filter ] --END-- [ RunTime:0.000063s ]
INFO: Run Behavior\ParseTemplateBehavior [ RunTime:0.007090s ]
INFO: [ view_parse ] --END-- [ RunTime:0.007130s ]
INFO: [ view_filter ] --START--
INFO: Run Behavior\WriteHtmlCacheBehavior [ RunTime:0.000082s ]
INFO: [ view_filter ] --END-- [ RunTime:0.000103s ]
INFO: [ app_end ] --START--
INFO: Run Behavior\ShowPageTraceBehavior [ RunTime:0.000384s ]
INFO: [ app_end ] --END-- [ RunTime:0.000415s ]

[ 2014-09-25T09:06:58+08:00 ] 127.0.0.1 /Show/index/proId/168.html
INFO: [ app_init ] --START--
INFO: Run Behavior\BuildLiteBehavior [ RunTime:0.000012s ]
INFO: [ app_init ] --END-- [ RunTime:0.000234s ]
INFO: [ app_begin ] --START--
INFO: Run Behavior\ReadHtmlCacheBehavior [ RunTime:0.000228s ]
INFO: [ app_begin ] --END-- [ RunTime:0.000258s ]
NOTIC: [8192] mysql_connect(): The mysql extension is deprecated and will be removed in the future: use mysqli or PDO instead /var/www/html/mama/toupiao/ThinkPHP/Library/Think/Db/Driver/Mysql.class.php 第 52 行.
SQL: SHOW COLUMNS FROM `project` [ RunTime:0.000443s ]
SQL: SELECT * FROM `project` WHERE ( id = 168 ) LIMIT 1   [ RunTime:0.000195s ]
SQL: SHOW COLUMNS FROM `project_fields` [ RunTime:0.000425s ]
SQL: SELECT * FROM `project_fields` WHERE ( pid = 168 ) LIMIT 1   [ RunTime:0.000148s ]
NOTIC: [8] Undefined index: options /var/www/html/mama/toupiao/Application/Home/Controller/ShowController.class.php 第 25 行.
NOTIC: [8] Undefined variable: optionLen /var/www/html/mama/toupiao/Application/Home/Controller/ShowController.class.php 第 46 行.
INFO: [ view_parse ] --START--
INFO: [ template_filter ] --START--
INFO: Run Behavior\ContentReplaceBehavior [ RunTime:0.000029s ]
INFO: [ template_filter ] --END-- [ RunTime:0.000066s ]
NOTIC: [8] Undefined index: title /var/www/html/mama/toupiao/Application/Runtime/Cache/Home/3b6891c7cb83d3cb00b92e5716eff3af.php 第 95 行.
NOTIC: [8] Undefined index: type /var/www/html/mama/toupiao/Application/Runtime/Cache/Home/3b6891c7cb83d3cb00b92e5716eff3af.php 第 98 行.
INFO: Run Behavior\ParseTemplateBehavior [ RunTime:0.006933s ]
INFO: [ view_parse ] --END-- [ RunTime:0.006975s ]
INFO: [ view_filter ] --START--
INFO: Run Behavior\WriteHtmlCacheBehavior [ RunTime:0.000116s ]
INFO: [ view_filter ] --END-- [ RunTime:0.000143s ]
INFO: [ app_end ] --START--
INFO: Run Behavior\ShowPageTraceBehavior [ RunTime:0.000257s ]
INFO: [ app_end ] --END-- [ RunTime:0.000287s ]

[ 2014-09-25T09:07:07+08:00 ] 127.0.0.1 /Show/index/proId/169.html
INFO: [ app_init ] --START--
INFO: Run Behavior\BuildLiteBehavior [ RunTime:0.000011s ]
INFO: [ app_init ] --END-- [ RunTime:0.000185s ]
INFO: [ app_begin ] --START--
INFO: Run Behavior\ReadHtmlCacheBehavior [ RunTime:0.000233s ]
INFO: [ app_begin ] --END-- [ RunTime:0.000263s ]
NOTIC: [8192] mysql_connect(): The mysql extension is deprecated and will be removed in the future: use mysqli or PDO instead /var/www/html/mama/toupiao/ThinkPHP/Library/Think/Db/Driver/Mysql.class.php 第 52 行.
SQL: SHOW COLUMNS FROM `project` [ RunTime:0.000459s ]
SQL: SELECT * FROM `project` WHERE ( id = 169 ) LIMIT 1   [ RunTime:0.000190s ]
SQL: SHOW COLUMNS FROM `project_fields` [ RunTime:0.000251s ]
SQL: SELECT * FROM `project_fields` WHERE ( pid = 169 ) LIMIT 1   [ RunTime:0.000092s ]
NOTIC: [8] Undefined variable: optionLen /var/www/html/mama/toupiao/Application/Home/Controller/ShowController.class.php 第 46 行.
INFO: [ view_parse ] --START--
INFO: [ template_filter ] --START--
INFO: Run Behavior\ContentReplaceBehavior [ RunTime:0.000027s ]
INFO: [ template_filter ] --END-- [ RunTime:0.000054s ]
INFO: Run Behavior\ParseTemplateBehavior [ RunTime:0.005895s ]
INFO: [ view_parse ] --END-- [ RunTime:0.005931s ]
INFO: [ view_filter ] --START--
INFO: Run Behavior\WriteHtmlCacheBehavior [ RunTime:0.000088s ]
INFO: [ view_filter ] --END-- [ RunTime:0.000107s ]
INFO: [ app_end ] --START--
INFO: Run Behavior\ShowPageTraceBehavior [ RunTime:0.000340s ]
INFO: [ app_end ] --END-- [ RunTime:0.000369s ]

[ 2014-09-25T09:07:20+08:00 ] 127.0.0.1 /Vote/add.html
INFO: [ app_init ] --START--
INFO: Run Behavior\BuildLiteBehavior [ RunTime:0.000011s ]
INFO: [ app_init ] --END-- [ RunTime:0.000214s ]
INFO: [ app_begin ] --START--
INFO: Run Behavior\ReadHtmlCacheBehavior [ RunTime:0.000226s ]
INFO: [ app_begin ] --END-- [ RunTime:0.000257s ]
NOTIC: [8192] mysql_connect(): The mysql extension is deprecated and will be removed in the future: use mysqli or PDO instead /var/www/html/mama/toupiao/ThinkPHP/Library/Think/Db/Driver/Mysql.class.php 第 52 行.
SQL: SHOW COLUMNS FROM `common` [ RunTime:0.000315s ]
ERR: 1146:Table 'mama_toupiao.common' doesn't exist
 [ SQL语句 ] : SHOW COLUMNS FROM `common`
INFO: [ view_parse ] --START--
INFO: [ template_filter ] --START--
INFO: Run Behavior\ContentReplaceBehavior [ RunTime:0.000033s ]
INFO: [ template_filter ] --END-- [ RunTime:0.000070s ]
NOTIC: [8] Undefined variable: registerClass /var/www/html/mama/toupiao/Application/Runtime/Cache/Home/46b4f8ce50cfba97b2c6d2480ff21293.php 第 36 行.
NOTIC: [8] Undefined variable: researchClass /var/www/html/mama/toupiao/Application/Runtime/Cache/Home/46b4f8ce50cfba97b2c6d2480ff21293.php 第 39 行.
NOTIC: [8] Undefined variable: listClass /var/www/html/mama/toupiao/Application/Runtime/Cache/Home/46b4f8ce50cfba97b2c6d2480ff21293.php 第 62 行.
INFO: Run Behavior\ParseTemplateBehavior [ RunTime:0.019903s ]
INFO: [ view_parse ] --END-- [ RunTime:0.019932s ]
INFO: [ view_filter ] --START--
INFO: Run Behavior\WriteHtmlCacheBehavior [ RunTime:0.000071s ]
INFO: [ view_filter ] --END-- [ RunTime:0.000091s ]
INFO: [ app_end ] --START--
INFO: Run Behavior\ShowPageTraceBehavior [ RunTime:0.000357s ]
INFO: [ app_end ] --END-- [ RunTime:0.000397s ]

