[ 2014-11-24T10:27:40+08:00 ] 127.0.0.1 /
INFO: [ app_init ] --START--
INFO: Run Behavior\BuildLiteBehavior [ RunTime:0.000014s ]
INFO: [ app_init ] --END-- [ RunTime:0.017391s ]
INFO: [ app_begin ] --START--
INFO: Run Behavior\ReadHtmlCacheBehavior [ RunTime:0.021378s ]
INFO: [ app_begin ] --END-- [ RunTime:0.021445s ]
NOTIC: [8192] mysql_connect(): The mysql extension is deprecated and will be removed in the future: use mysqli or PDO instead /var/www/html/mama/toupiao/ThinkPHP/Library/Think/Db/Driver/Mysql.class.php 第 52 行.
SQL: SHOW COLUMNS FROM `common` [ RunTime:0.033782s ]
ERR: 1146:Table 'mama_toupiao.common' doesn't exist
 [ SQL语句 ] : SHOW COLUMNS FROM `common`

[ 2014-11-24T10:27:41+08:00 ] 127.0.0.1 /User/index.html
INFO: [ app_init ] --START--
INFO: Run Behavior\BuildLiteBehavior [ RunTime:0.000010s ]
INFO: [ app_init ] --END-- [ RunTime:0.000186s ]
INFO: [ app_begin ] --START--
INFO: Run Behavior\ReadHtmlCacheBehavior [ RunTime:0.000216s ]
INFO: [ app_begin ] --END-- [ RunTime:0.000249s ]
INFO: [ view_parse ] --START--
INFO: [ template_filter ] --START--
INFO: Run Behavior\ContentReplaceBehavior [ RunTime:0.000028s ]
INFO: [ template_filter ] --END-- [ RunTime:0.000071s ]
NOTIC: [8] Undefined index: login_uid /var/www/html/mama/toupiao/Application/Runtime/Cache/Home/6830cbac89ff06451c77cd8769d6d4ca.php 第 55 行.
INFO: Run Behavior\ParseTemplateBehavior [ RunTime:0.071787s ]
INFO: [ view_parse ] --END-- [ RunTime:0.071833s ]
INFO: [ view_filter ] --START--
INFO: Run Behavior\WriteHtmlCacheBehavior [ RunTime:0.016902s ]
INFO: [ view_filter ] --END-- [ RunTime:0.016948s ]
INFO: [ app_end ] --START--
INFO: Run Behavior\ShowPageTraceBehavior [ RunTime:0.010577s ]
INFO: [ app_end ] --END-- [ RunTime:0.010619s ]

[ 2014-11-24T10:27:47+08:00 ] 127.0.0.1 /User/login.html
INFO: [ app_init ] --START--
INFO: Run Behavior\BuildLiteBehavior [ RunTime:0.000010s ]
INFO: [ app_init ] --END-- [ RunTime:0.000184s ]
INFO: [ app_begin ] --START--
INFO: Run Behavior\ReadHtmlCacheBehavior [ RunTime:0.000261s ]
INFO: [ app_begin ] --END-- [ RunTime:0.000306s ]
INFO: [ view_parse ] --START--
INFO: [ template_filter ] --START--
INFO: Run Behavior\ContentReplaceBehavior [ RunTime:0.000022s ]
INFO: [ template_filter ] --END-- [ RunTime:0.000065s ]
INFO: Run Behavior\ParseTemplateBehavior [ RunTime:0.003238s ]
INFO: [ view_parse ] --END-- [ RunTime:0.003273s ]
INFO: [ view_filter ] --START--
INFO: Run Behavior\WriteHtmlCacheBehavior [ RunTime:0.000086s ]
INFO: [ view_filter ] --END-- [ RunTime:0.000117s ]
INFO: [ app_end ] --START--
INFO: Run Behavior\ShowPageTraceBehavior [ RunTime:0.000381s ]
INFO: [ app_end ] --END-- [ RunTime:0.000423s ]

[ 2014-11-24T10:27:48+08:00 ] 127.0.0.1 /Vote/index.html
INFO: [ app_init ] --START--
INFO: Run Behavior\BuildLiteBehavior [ RunTime:0.000014s ]
INFO: [ app_init ] --END-- [ RunTime:0.000250s ]
INFO: [ app_begin ] --START--
INFO: Run Behavior\ReadHtmlCacheBehavior [ RunTime:0.000353s ]
INFO: [ app_begin ] --END-- [ RunTime:0.000408s ]
NOTIC: [8192] mysql_connect(): The mysql extension is deprecated and will be removed in the future: use mysqli or PDO instead /var/www/html/mama/toupiao/ThinkPHP/Library/Think/Db/Driver/Mysql.class.php 第 52 行.
SQL: SHOW COLUMNS FROM `common` [ RunTime:0.000516s ]
ERR: 1146:Table 'mama_toupiao.common' doesn't exist
 [ SQL语句 ] : SHOW COLUMNS FROM `common`
SQL: SHOW COLUMNS FROM `project` [ RunTime:0.133012s ]
SQL: SELECT COUNT(*) AS tp_count FROM `project` WHERE ( type = 1 AND del = 0 ) LIMIT 1   [ RunTime:0.034364s ]
SQL: SELECT * FROM `project` WHERE ( type = 1 AND del = 0 ) ORDER BY dateline DESC LIMIT 0,15   [ RunTime:0.015813s ]
INFO: [ view_parse ] --START--
INFO: [ template_filter ] --START--
INFO: Run Behavior\ContentReplaceBehavior [ RunTime:0.000030s ]
INFO: [ template_filter ] --END-- [ RunTime:0.000066s ]
NOTIC: [8] Undefined variable: registerClass /var/www/html/mama/toupiao/Application/Runtime/Cache/Home/9eb0be1c8543928b722255f5f5e17aa1.php 第 36 行.
NOTIC: [8] Undefined variable: researchClass /var/www/html/mama/toupiao/Application/Runtime/Cache/Home/9eb0be1c8543928b722255f5f5e17aa1.php 第 39 行.
NOTIC: [8] Undefined variable: addClass /var/www/html/mama/toupiao/Application/Runtime/Cache/Home/9eb0be1c8543928b722255f5f5e17aa1.php 第 63 行.
NOTIC: [8] Use of undefined constant id - assumed 'id' /var/www/html/mama/toupiao/Application/Runtime/Cache/Home/9eb0be1c8543928b722255f5f5e17aa1.php 第 86 行.
NOTIC: [8] Use of undefined constant id - assumed 'id' /var/www/html/mama/toupiao/Application/Runtime/Cache/Home/9eb0be1c8543928b722255f5f5e17aa1.php 第 86 行.
NOTIC: [8] Use of undefined constant id - assumed 'id' /var/www/html/mama/toupiao/Application/Runtime/Cache/Home/9eb0be1c8543928b722255f5f5e17aa1.php 第 86 行.
NOTIC: [8] Use of undefined constant id - assumed 'id' /var/www/html/mama/toupiao/Application/Runtime/Cache/Home/9eb0be1c8543928b722255f5f5e17aa1.php 第 86 行.
NOTIC: [8] Use of undefined constant id - assumed 'id' /var/www/html/mama/toupiao/Application/Runtime/Cache/Home/9eb0be1c8543928b722255f5f5e17aa1.php 第 86 行.
NOTIC: [8] Use of undefined constant id - assumed 'id' /var/www/html/mama/toupiao/Application/Runtime/Cache/Home/9eb0be1c8543928b722255f5f5e17aa1.php 第 86 行.
NOTIC: [8] Use of undefined constant id - assumed 'id' /var/www/html/mama/toupiao/Application/Runtime/Cache/Home/9eb0be1c8543928b722255f5f5e17aa1.php 第 86 行.
NOTIC: [8] Use of undefined constant id - assumed 'id' /var/www/html/mama/toupiao/Application/Runtime/Cache/Home/9eb0be1c8543928b722255f5f5e17aa1.php 第 86 行.
NOTIC: [8] Use of undefined constant id - assumed 'id' /var/www/html/mama/toupiao/Application/Runtime/Cache/Home/9eb0be1c8543928b722255f5f5e17aa1.php 第 86 行.
NOTIC: [8] Use of undefined constant id - assumed 'id' /var/www/html/mama/toupiao/Application/Runtime/Cache/Home/9eb0be1c8543928b722255f5f5e17aa1.php 第 86 行.
NOTIC: [8] Use of undefined constant id - assumed 'id' /var/www/html/mama/toupiao/Application/Runtime/Cache/Home/9eb0be1c8543928b722255f5f5e17aa1.php 第 86 行.
NOTIC: [8] Use of undefined constant id - assumed 'id' /var/www/html/mama/toupiao/Application/Runtime/Cache/Home/9eb0be1c8543928b722255f5f5e17aa1.php 第 86 行.
NOTIC: [8] Use of undefined constant id - assumed 'id' /var/www/html/mama/toupiao/Application/Runtime/Cache/Home/9eb0be1c8543928b722255f5f5e17aa1.php 第 86 行.
NOTIC: [8] Use of undefined constant id - assumed 'id' /var/www/html/mama/toupiao/Application/Runtime/Cache/Home/9eb0be1c8543928b722255f5f5e17aa1.php 第 86 行.
NOTIC: [8] Use of undefined constant id - assumed 'id' /var/www/html/mama/toupiao/Application/Runtime/Cache/Home/9eb0be1c8543928b722255f5f5e17aa1.php 第 86 行.
NOTIC: [8] Use of undefined constant id - assumed 'id' /var/www/html/mama/toupiao/Application/Runtime/Cache/Home/9eb0be1c8543928b722255f5f5e17aa1.php 第 86 行.
NOTIC: [8] Use of undefined constant id - assumed 'id' /var/www/html/mama/toupiao/Application/Runtime/Cache/Home/9eb0be1c8543928b722255f5f5e17aa1.php 第 86 行.
NOTIC: [8] Use of undefined constant id - assumed 'id' /var/www/html/mama/toupiao/Application/Runtime/Cache/Home/9eb0be1c8543928b722255f5f5e17aa1.php 第 86 行.
NOTIC: [8] Use of undefined constant id - assumed 'id' /var/www/html/mama/toupiao/Application/Runtime/Cache/Home/9eb0be1c8543928b722255f5f5e17aa1.php 第 86 行.
NOTIC: [8] Use of undefined constant id - assumed 'id' /var/www/html/mama/toupiao/Application/Runtime/Cache/Home/9eb0be1c8543928b722255f5f5e17aa1.php 第 86 行.
NOTIC: [8] Use of undefined constant id - assumed 'id' /var/www/html/mama/toupiao/Application/Runtime/Cache/Home/9eb0be1c8543928b722255f5f5e17aa1.php 第 86 行.
NOTIC: [8] Use of undefined constant id - assumed 'id' /var/www/html/mama/toupiao/Application/Runtime/Cache/Home/9eb0be1c8543928b722255f5f5e17aa1.php 第 86 行.
NOTIC: [8] Use of undefined constant id - assumed 'id' /var/www/html/mama/toupiao/Application/Runtime/Cache/Home/9eb0be1c8543928b722255f5f5e17aa1.php 第 86 行.
NOTIC: [8] Use of undefined constant id - assumed 'id' /var/www/html/mama/toupiao/Application/Runtime/Cache/Home/9eb0be1c8543928b722255f5f5e17aa1.php 第 86 行.
NOTIC: [8] Use of undefined constant id - assumed 'id' /var/www/html/mama/toupiao/Application/Runtime/Cache/Home/9eb0be1c8543928b722255f5f5e17aa1.php 第 86 行.
NOTIC: [8] Use of undefined constant id - assumed 'id' /var/www/html/mama/toupiao/Application/Runtime/Cache/Home/9eb0be1c8543928b722255f5f5e17aa1.php 第 86 行.
NOTIC: [8] Use of undefined constant id - assumed 'id' /var/www/html/mama/toupiao/Application/Runtime/Cache/Home/9eb0be1c8543928b722255f5f5e17aa1.php 第 86 行.
NOTIC: [8] Use of undefined constant id - assumed 'id' /var/www/html/mama/toupiao/Application/Runtime/Cache/Home/9eb0be1c8543928b722255f5f5e17aa1.php 第 86 行.
NOTIC: [8] Use of undefined constant id - assumed 'id' /var/www/html/mama/toupiao/Application/Runtime/Cache/Home/9eb0be1c8543928b722255f5f5e17aa1.php 第 86 行.
NOTIC: [8] Use of undefined constant id - assumed 'id' /var/www/html/mama/toupiao/Application/Runtime/Cache/Home/9eb0be1c8543928b722255f5f5e17aa1.php 第 86 行.
NOTIC: [8] Use of undefined constant id - assumed 'id' /var/www/html/mama/toupiao/Application/Runtime/Cache/Home/9eb0be1c8543928b722255f5f5e17aa1.php 第 86 行.
NOTIC: [8] Use of undefined constant id - assumed 'id' /var/www/html/mama/toupiao/Application/Runtime/Cache/Home/9eb0be1c8543928b722255f5f5e17aa1.php 第 86 行.
NOTIC: [8] Use of undefined constant id - assumed 'id' /var/www/html/mama/toupiao/Application/Runtime/Cache/Home/9eb0be1c8543928b722255f5f5e17aa1.php 第 86 行.
NOTIC: [8] Use of undefined constant id - assumed 'id' /var/www/html/mama/toupiao/Application/Runtime/Cache/Home/9eb0be1c8543928b722255f5f5e17aa1.php 第 86 行.
NOTIC: [8] Use of undefined constant id - assumed 'id' /var/www/html/mama/toupiao/Application/Runtime/Cache/Home/9eb0be1c8543928b722255f5f5e17aa1.php 第 86 行.
NOTIC: [8] Use of undefined constant id - assumed 'id' /var/www/html/mama/toupiao/Application/Runtime/Cache/Home/9eb0be1c8543928b722255f5f5e17aa1.php 第 86 行.
NOTIC: [8] Use of undefined constant id - assumed 'id' /var/www/html/mama/toupiao/Application/Runtime/Cache/Home/9eb0be1c8543928b722255f5f5e17aa1.php 第 86 行.
NOTIC: [8] Use of undefined constant id - assumed 'id' /var/www/html/mama/toupiao/Application/Runtime/Cache/Home/9eb0be1c8543928b722255f5f5e17aa1.php 第 86 行.
NOTIC: [8] Use of undefined constant id - assumed 'id' /var/www/html/mama/toupiao/Application/Runtime/Cache/Home/9eb0be1c8543928b722255f5f5e17aa1.php 第 86 行.
NOTIC: [8] Use of undefined constant id - assumed 'id' /var/www/html/mama/toupiao/Application/Runtime/Cache/Home/9eb0be1c8543928b722255f5f5e17aa1.php 第 86 行.
NOTIC: [8] Use of undefined constant id - assumed 'id' /var/www/html/mama/toupiao/Application/Runtime/Cache/Home/9eb0be1c8543928b722255f5f5e17aa1.php 第 86 行.
NOTIC: [8] Use of undefined constant id - assumed 'id' /var/www/html/mama/toupiao/Application/Runtime/Cache/Home/9eb0be1c8543928b722255f5f5e17aa1.php 第 86 行.
NOTIC: [8] Use of undefined constant id - assumed 'id' /var/www/html/mama/toupiao/Application/Runtime/Cache/Home/9eb0be1c8543928b722255f5f5e17aa1.php 第 86 行.
NOTIC: [8] Use of undefined constant id - assumed 'id' /var/www/html/mama/toupiao/Application/Runtime/Cache/Home/9eb0be1c8543928b722255f5f5e17aa1.php 第 86 行.
NOTIC: [8] Use of undefined constant id - assumed 'id' /var/www/html/mama/toupiao/Application/Runtime/Cache/Home/9eb0be1c8543928b722255f5f5e17aa1.php 第 86 行.
NOTIC: [8] Undefined variable: optionType /var/www/html/mama/toupiao/Application/Runtime/Cache/Home/9eb0be1c8543928b722255f5f5e17aa1.php 第 138 行.
INFO: Run Behavior\ParseTemplateBehavior [ RunTime:0.049220s ]
INFO: [ view_parse ] --END-- [ RunTime:0.049252s ]
INFO: [ view_filter ] --START--
INFO: Run Behavior\WriteHtmlCacheBehavior [ RunTime:0.000077s ]
INFO: [ view_filter ] --END-- [ RunTime:0.000096s ]
INFO: [ app_end ] --START--
INFO: Run Behavior\ShowPageTraceBehavior [ RunTime:0.000549s ]
INFO: [ app_end ] --END-- [ RunTime:0.000592s ]

[ 2014-11-24T10:27:50+08:00 ] 127.0.0.1 /Vote/add.html
INFO: [ app_init ] --START--
INFO: Run Behavior\BuildLiteBehavior [ RunTime:0.000009s ]
INFO: [ app_init ] --END-- [ RunTime:0.000188s ]
INFO: [ app_begin ] --START--
INFO: Run Behavior\ReadHtmlCacheBehavior [ RunTime:0.000222s ]
INFO: [ app_begin ] --END-- [ RunTime:0.000255s ]
NOTIC: [8192] mysql_connect(): The mysql extension is deprecated and will be removed in the future: use mysqli or PDO instead /var/www/html/mama/toupiao/ThinkPHP/Library/Think/Db/Driver/Mysql.class.php 第 52 行.
SQL: SHOW COLUMNS FROM `common` [ RunTime:0.000375s ]
ERR: 1146:Table 'mama_toupiao.common' doesn't exist
 [ SQL语句 ] : SHOW COLUMNS FROM `common`
INFO: [ view_parse ] --START--
INFO: [ template_filter ] --START--
INFO: Run Behavior\ContentReplaceBehavior [ RunTime:0.000031s ]
INFO: [ template_filter ] --END-- [ RunTime:0.000067s ]
NOTIC: [8] Undefined variable: registerClass /var/www/html/mama/toupiao/Application/Runtime/Cache/Home/46b4f8ce50cfba97b2c6d2480ff21293.php 第 36 行.
NOTIC: [8] Undefined variable: researchClass /var/www/html/mama/toupiao/Application/Runtime/Cache/Home/46b4f8ce50cfba97b2c6d2480ff21293.php 第 39 行.
NOTIC: [8] Undefined variable: listClass /var/www/html/mama/toupiao/Application/Runtime/Cache/Home/46b4f8ce50cfba97b2c6d2480ff21293.php 第 62 行.
INFO: Run Behavior\ParseTemplateBehavior [ RunTime:0.018546s ]
INFO: [ view_parse ] --END-- [ RunTime:0.018580s ]
INFO: [ view_filter ] --START--
INFO: Run Behavior\WriteHtmlCacheBehavior [ RunTime:0.000078s ]
INFO: [ view_filter ] --END-- [ RunTime:0.000098s ]
INFO: [ app_end ] --START--
INFO: Run Behavior\ShowPageTraceBehavior [ RunTime:0.000260s ]
INFO: [ app_end ] --END-- [ RunTime:0.000289s ]

[ 2014-11-24T10:27:52+08:00 ] 127.0.0.1 /Register/index.html
INFO: [ app_init ] --START--
INFO: Run Behavior\BuildLiteBehavior [ RunTime:0.000012s ]
INFO: [ app_init ] --END-- [ RunTime:0.000208s ]
INFO: [ app_begin ] --START--
INFO: Run Behavior\ReadHtmlCacheBehavior [ RunTime:0.000227s ]
INFO: [ app_begin ] --END-- [ RunTime:0.000273s ]
NOTIC: [8192] mysql_connect(): The mysql extension is deprecated and will be removed in the future: use mysqli or PDO instead /var/www/html/mama/toupiao/ThinkPHP/Library/Think/Db/Driver/Mysql.class.php 第 52 行.
SQL: SHOW COLUMNS FROM `common` [ RunTime:0.000356s ]
ERR: 1146:Table 'mama_toupiao.common' doesn't exist
 [ SQL语句 ] : SHOW COLUMNS FROM `common`
SQL: SHOW COLUMNS FROM `project` [ RunTime:0.000361s ]
SQL: SELECT COUNT(*) AS tp_count FROM `project` WHERE ( type = 2 AND del = 0 ) LIMIT 1   [ RunTime:0.000201s ]
SQL: SELECT * FROM `project` WHERE ( type = 2 AND del = 0 ) ORDER BY dateline DESC LIMIT 0,15   [ RunTime:0.000210s ]
INFO: [ view_parse ] --START--
INFO: [ template_filter ] --START--
INFO: Run Behavior\ContentReplaceBehavior [ RunTime:0.000030s ]
INFO: [ template_filter ] --END-- [ RunTime:0.000068s ]
NOTIC: [8] Undefined variable: voteClass /var/www/html/mama/toupiao/Application/Runtime/Cache/Home/8bb6b0286929b81b0448f2cdcc1e937c.php 第 33 行.
NOTIC: [8] Undefined variable: researchClass /var/www/html/mama/toupiao/Application/Runtime/Cache/Home/8bb6b0286929b81b0448f2cdcc1e937c.php 第 39 行.
NOTIC: [8] Undefined variable: addClass /var/www/html/mama/toupiao/Application/Runtime/Cache/Home/8bb6b0286929b81b0448f2cdcc1e937c.php 第 63 行.
NOTIC: [8] Use of undefined constant id - assumed 'id' /var/www/html/mama/toupiao/Application/Runtime/Cache/Home/8bb6b0286929b81b0448f2cdcc1e937c.php 第 86 行.
NOTIC: [8] Use of undefined constant id - assumed 'id' /var/www/html/mama/toupiao/Application/Runtime/Cache/Home/8bb6b0286929b81b0448f2cdcc1e937c.php 第 86 行.
NOTIC: [8] Use of undefined constant id - assumed 'id' /var/www/html/mama/toupiao/Application/Runtime/Cache/Home/8bb6b0286929b81b0448f2cdcc1e937c.php 第 86 行.
NOTIC: [8] Use of undefined constant id - assumed 'id' /var/www/html/mama/toupiao/Application/Runtime/Cache/Home/8bb6b0286929b81b0448f2cdcc1e937c.php 第 86 行.
NOTIC: [8] Use of undefined constant id - assumed 'id' /var/www/html/mama/toupiao/Application/Runtime/Cache/Home/8bb6b0286929b81b0448f2cdcc1e937c.php 第 86 行.
NOTIC: [8] Use of undefined constant id - assumed 'id' /var/www/html/mama/toupiao/Application/Runtime/Cache/Home/8bb6b0286929b81b0448f2cdcc1e937c.php 第 86 行.
NOTIC: [8] Use of undefined constant id - assumed 'id' /var/www/html/mama/toupiao/Application/Runtime/Cache/Home/8bb6b0286929b81b0448f2cdcc1e937c.php 第 86 行.
NOTIC: [8] Use of undefined constant id - assumed 'id' /var/www/html/mama/toupiao/Application/Runtime/Cache/Home/8bb6b0286929b81b0448f2cdcc1e937c.php 第 86 行.
NOTIC: [8] Use of undefined constant id - assumed 'id' /var/www/html/mama/toupiao/Application/Runtime/Cache/Home/8bb6b0286929b81b0448f2cdcc1e937c.php 第 86 行.
NOTIC: [8] Use of undefined constant id - assumed 'id' /var/www/html/mama/toupiao/Application/Runtime/Cache/Home/8bb6b0286929b81b0448f2cdcc1e937c.php 第 86 行.
NOTIC: [8] Use of undefined constant id - assumed 'id' /var/www/html/mama/toupiao/Application/Runtime/Cache/Home/8bb6b0286929b81b0448f2cdcc1e937c.php 第 86 行.
NOTIC: [8] Use of undefined constant id - assumed 'id' /var/www/html/mama/toupiao/Application/Runtime/Cache/Home/8bb6b0286929b81b0448f2cdcc1e937c.php 第 86 行.
NOTIC: [8] Use of undefined constant id - assumed 'id' /var/www/html/mama/toupiao/Application/Runtime/Cache/Home/8bb6b0286929b81b0448f2cdcc1e937c.php 第 86 行.
NOTIC: [8] Use of undefined constant id - assumed 'id' /var/www/html/mama/toupiao/Application/Runtime/Cache/Home/8bb6b0286929b81b0448f2cdcc1e937c.php 第 86 行.
NOTIC: [8] Use of undefined constant id - assumed 'id' /var/www/html/mama/toupiao/Application/Runtime/Cache/Home/8bb6b0286929b81b0448f2cdcc1e937c.php 第 86 行.
NOTIC: [8] Use of undefined constant id - assumed 'id' /var/www/html/mama/toupiao/Application/Runtime/Cache/Home/8bb6b0286929b81b0448f2cdcc1e937c.php 第 86 行.
NOTIC: [8] Use of undefined constant id - assumed 'id' /var/www/html/mama/toupiao/Application/Runtime/Cache/Home/8bb6b0286929b81b0448f2cdcc1e937c.php 第 86 行.
NOTIC: [8] Use of undefined constant id - assumed 'id' /var/www/html/mama/toupiao/Application/Runtime/Cache/Home/8bb6b0286929b81b0448f2cdcc1e937c.php 第 86 行.
NOTIC: [8] Use of undefined constant id - assumed 'id' /var/www/html/mama/toupiao/Application/Runtime/Cache/Home/8bb6b0286929b81b0448f2cdcc1e937c.php 第 86 行.
NOTIC: [8] Use of undefined constant id - assumed 'id' /var/www/html/mama/toupiao/Application/Runtime/Cache/Home/8bb6b0286929b81b0448f2cdcc1e937c.php 第 86 行.
NOTIC: [8] Use of undefined constant id - assumed 'id' /var/www/html/mama/toupiao/Application/Runtime/Cache/Home/8bb6b0286929b81b0448f2cdcc1e937c.php 第 86 行.
NOTIC: [8] Use of undefined constant id - assumed 'id' /var/www/html/mama/toupiao/Application/Runtime/Cache/Home/8bb6b0286929b81b0448f2cdcc1e937c.php 第 86 行.
NOTIC: [8] Use of undefined constant id - assumed 'id' /var/www/html/mama/toupiao/Application/Runtime/Cache/Home/8bb6b0286929b81b0448f2cdcc1e937c.php 第 86 行.
NOTIC: [8] Use of undefined constant id - assumed 'id' /var/www/html/mama/toupiao/Application/Runtime/Cache/Home/8bb6b0286929b81b0448f2cdcc1e937c.php 第 86 行.
NOTIC: [8] Undefined variable: optionType /var/www/html/mama/toupiao/Application/Runtime/Cache/Home/8bb6b0286929b81b0448f2cdcc1e937c.php 第 138 行.
INFO: Run Behavior\ParseTemplateBehavior [ RunTime:0.022115s ]
INFO: [ view_parse ] --END-- [ RunTime:0.022140s ]
INFO: [ view_filter ] --START--
INFO: Run Behavior\WriteHtmlCacheBehavior [ RunTime:0.000067s ]
INFO: [ view_filter ] --END-- [ RunTime:0.000086s ]
INFO: [ app_end ] --START--
INFO: Run Behavior\ShowPageTraceBehavior [ RunTime:0.000261s ]
INFO: [ app_end ] --END-- [ RunTime:0.000294s ]

[ 2014-11-24T10:27:54+08:00 ] 127.0.0.1 /Register/add.html
INFO: [ app_init ] --START--
INFO: Run Behavior\BuildLiteBehavior [ RunTime:0.000010s ]
INFO: [ app_init ] --END-- [ RunTime:0.000181s ]
INFO: [ app_begin ] --START--
INFO: Run Behavior\ReadHtmlCacheBehavior [ RunTime:0.000220s ]
INFO: [ app_begin ] --END-- [ RunTime:0.000253s ]
NOTIC: [8192] mysql_connect(): The mysql extension is deprecated and will be removed in the future: use mysqli or PDO instead /var/www/html/mama/toupiao/ThinkPHP/Library/Think/Db/Driver/Mysql.class.php 第 52 行.
SQL: SHOW COLUMNS FROM `common` [ RunTime:0.000532s ]
ERR: 1146:Table 'mama_toupiao.common' doesn't exist
 [ SQL语句 ] : SHOW COLUMNS FROM `common`
INFO: [ view_parse ] --START--
INFO: [ template_filter ] --START--
INFO: Run Behavior\ContentReplaceBehavior [ RunTime:0.000097s ]
INFO: [ template_filter ] --END-- [ RunTime:0.000257s ]
NOTIC: [8] Undefined variable: voteClass /var/www/html/mama/toupiao/Application/Runtime/Cache/Home/e565bc405bee902eed9c5aab06c2e15d.php 第 33 行.
NOTIC: [8] Undefined variable: researchClass /var/www/html/mama/toupiao/Application/Runtime/Cache/Home/e565bc405bee902eed9c5aab06c2e15d.php 第 39 行.
NOTIC: [8] Undefined variable: listClass /var/www/html/mama/toupiao/Application/Runtime/Cache/Home/e565bc405bee902eed9c5aab06c2e15d.php 第 62 行.
INFO: Run Behavior\ParseTemplateBehavior [ RunTime:0.016456s ]
INFO: [ view_parse ] --END-- [ RunTime:0.016499s ]
INFO: [ view_filter ] --START--
INFO: Run Behavior\WriteHtmlCacheBehavior [ RunTime:0.000132s ]
INFO: [ view_filter ] --END-- [ RunTime:0.000154s ]
INFO: [ app_end ] --START--
INFO: Run Behavior\ShowPageTraceBehavior [ RunTime:0.000351s ]
INFO: [ app_end ] --END-- [ RunTime:0.000389s ]

[ 2014-11-24T10:28:18+08:00 ] 127.0.0.1 /User/logout.html
INFO: [ app_init ] --START--
INFO: Run Behavior\BuildLiteBehavior [ RunTime:0.000016s ]
INFO: [ app_init ] --END-- [ RunTime:0.000422s ]
INFO: [ app_begin ] --START--
INFO: Run Behavior\ReadHtmlCacheBehavior [ RunTime:0.000391s ]
INFO: [ app_begin ] --END-- [ RunTime:0.000455s ]
INFO: [ view_parse ] --START--
INFO: [ template_filter ] --START--
INFO: Run Behavior\ContentReplaceBehavior [ RunTime:0.000039s ]
INFO: [ template_filter ] --END-- [ RunTime:0.000158s ]
INFO: Run Behavior\ParseTemplateBehavior [ RunTime:0.004611s ]
INFO: [ view_parse ] --END-- [ RunTime:0.004679s ]
INFO: [ view_filter ] --START--
INFO: Run Behavior\WriteHtmlCacheBehavior [ RunTime:0.000128s ]
INFO: [ view_filter ] --END-- [ RunTime:0.000156s ]
INFO: [ app_end ] --START--
INFO: Run Behavior\ShowPageTraceBehavior [ RunTime:0.000441s ]
INFO: [ app_end ] --END-- [ RunTime:0.000488s ]

[ 2014-11-24T10:28:19+08:00 ] 127.0.0.1 /User/index.html
INFO: [ app_init ] --START--
INFO: Run Behavior\BuildLiteBehavior [ RunTime:0.000010s ]
INFO: [ app_init ] --END-- [ RunTime:0.000218s ]
INFO: [ app_begin ] --START--
INFO: Run Behavior\ReadHtmlCacheBehavior [ RunTime:0.000370s ]
INFO: [ app_begin ] --END-- [ RunTime:0.000425s ]
INFO: [ view_parse ] --START--
INFO: [ template_filter ] --START--
INFO: Run Behavior\ContentReplaceBehavior [ RunTime:0.000055s ]
INFO: [ template_filter ] --END-- [ RunTime:0.000162s ]
NOTIC: [8] Undefined index: login_uid /var/www/html/mama/toupiao/Application/Runtime/Cache/Home/6830cbac89ff06451c77cd8769d6d4ca.php 第 55 行.
INFO: Run Behavior\ParseTemplateBehavior [ RunTime:0.005862s ]
INFO: [ view_parse ] --END-- [ RunTime:0.005941s ]
INFO: [ view_filter ] --START--
INFO: Run Behavior\WriteHtmlCacheBehavior [ RunTime:0.000436s ]
INFO: [ view_filter ] --END-- [ RunTime:0.000512s ]
INFO: [ app_end ] --START--
INFO: Run Behavior\ShowPageTraceBehavior [ RunTime:0.000393s ]
INFO: [ app_end ] --END-- [ RunTime:0.000471s ]

[ 2014-11-24T10:28:22+08:00 ] 127.0.0.1 /User/login.html
INFO: [ app_init ] --START--
INFO: Run Behavior\BuildLiteBehavior [ RunTime:0.000009s ]
INFO: [ app_init ] --END-- [ RunTime:0.000169s ]
INFO: [ app_begin ] --START--
INFO: Run Behavior\ReadHtmlCacheBehavior [ RunTime:0.000213s ]
INFO: [ app_begin ] --END-- [ RunTime:0.000241s ]
INFO: [ view_parse ] --START--
INFO: [ template_filter ] --START--
INFO: Run Behavior\ContentReplaceBehavior [ RunTime:0.000021s ]
INFO: [ template_filter ] --END-- [ RunTime:0.000060s ]
INFO: Run Behavior\ParseTemplateBehavior [ RunTime:0.003570s ]
INFO: [ view_parse ] --END-- [ RunTime:0.003626s ]
INFO: [ view_filter ] --START--
INFO: Run Behavior\WriteHtmlCacheBehavior [ RunTime:0.000240s ]
INFO: [ view_filter ] --END-- [ RunTime:0.000306s ]
INFO: [ app_end ] --START--
INFO: Run Behavior\ShowPageTraceBehavior [ RunTime:0.000267s ]
INFO: [ app_end ] --END-- [ RunTime:0.000293s ]

[ 2014-11-24T10:28:23+08:00 ] 127.0.0.1 /Vote/index.html
INFO: [ app_init ] --START--
INFO: Run Behavior\BuildLiteBehavior [ RunTime:0.000010s ]
INFO: [ app_init ] --END-- [ RunTime:0.000169s ]
INFO: [ app_begin ] --START--
INFO: Run Behavior\ReadHtmlCacheBehavior [ RunTime:0.000215s ]
INFO: [ app_begin ] --END-- [ RunTime:0.000244s ]
NOTIC: [8192] mysql_connect(): The mysql extension is deprecated and will be removed in the future: use mysqli or PDO instead /var/www/html/mama/toupiao/ThinkPHP/Library/Think/Db/Driver/Mysql.class.php 第 52 行.
SQL: SHOW COLUMNS FROM `common` [ RunTime:0.000354s ]
ERR: 1146:Table 'mama_toupiao.common' doesn't exist
 [ SQL语句 ] : SHOW COLUMNS FROM `common`
SQL: SHOW COLUMNS FROM `project` [ RunTime:0.000391s ]
SQL: SELECT COUNT(*) AS tp_count FROM `project` WHERE ( type = 1 AND del = 0 ) LIMIT 1   [ RunTime:0.000328s ]
SQL: SELECT * FROM `project` WHERE ( type = 1 AND del = 0 ) ORDER BY dateline DESC LIMIT 0,15   [ RunTime:0.000690s ]
INFO: [ view_parse ] --START--
INFO: [ template_filter ] --START--
INFO: Run Behavior\ContentReplaceBehavior [ RunTime:0.000035s ]
INFO: [ template_filter ] --END-- [ RunTime:0.000077s ]
NOTIC: [8] Undefined variable: registerClass /var/www/html/mama/toupiao/Application/Runtime/Cache/Home/9eb0be1c8543928b722255f5f5e17aa1.php 第 36 行.
NOTIC: [8] Undefined variable: researchClass /var/www/html/mama/toupiao/Application/Runtime/Cache/Home/9eb0be1c8543928b722255f5f5e17aa1.php 第 39 行.
NOTIC: [8] Undefined variable: addClass /var/www/html/mama/toupiao/Application/Runtime/Cache/Home/9eb0be1c8543928b722255f5f5e17aa1.php 第 63 行.
NOTIC: [8] Use of undefined constant id - assumed 'id' /var/www/html/mama/toupiao/Application/Runtime/Cache/Home/9eb0be1c8543928b722255f5f5e17aa1.php 第 86 行.
NOTIC: [8] Use of undefined constant id - assumed 'id' /var/www/html/mama/toupiao/Application/Runtime/Cache/Home/9eb0be1c8543928b722255f5f5e17aa1.php 第 86 行.
NOTIC: [8] Use of undefined constant id - assumed 'id' /var/www/html/mama/toupiao/Application/Runtime/Cache/Home/9eb0be1c8543928b722255f5f5e17aa1.php 第 86 行.
NOTIC: [8] Use of undefined constant id - assumed 'id' /var/www/html/mama/toupiao/Application/Runtime/Cache/Home/9eb0be1c8543928b722255f5f5e17aa1.php 第 86 行.
NOTIC: [8] Use of undefined constant id - assumed 'id' /var/www/html/mama/toupiao/Application/Runtime/Cache/Home/9eb0be1c8543928b722255f5f5e17aa1.php 第 86 行.
NOTIC: [8] Use of undefined constant id - assumed 'id' /var/www/html/mama/toupiao/Application/Runtime/Cache/Home/9eb0be1c8543928b722255f5f5e17aa1.php 第 86 行.
NOTIC: [8] Use of undefined constant id - assumed 'id' /var/www/html/mama/toupiao/Application/Runtime/Cache/Home/9eb0be1c8543928b722255f5f5e17aa1.php 第 86 行.
NOTIC: [8] Use of undefined constant id - assumed 'id' /var/www/html/mama/toupiao/Application/Runtime/Cache/Home/9eb0be1c8543928b722255f5f5e17aa1.php 第 86 行.
NOTIC: [8] Use of undefined constant id - assumed 'id' /var/www/html/mama/toupiao/Application/Runtime/Cache/Home/9eb0be1c8543928b722255f5f5e17aa1.php 第 86 行.
NOTIC: [8] Use of undefined constant id - assumed 'id' /var/www/html/mama/toupiao/Application/Runtime/Cache/Home/9eb0be1c8543928b722255f5f5e17aa1.php 第 86 行.
NOTIC: [8] Use of undefined constant id - assumed 'id' /var/www/html/mama/toupiao/Application/Runtime/Cache/Home/9eb0be1c8543928b722255f5f5e17aa1.php 第 86 行.
NOTIC: [8] Use of undefined constant id - assumed 'id' /var/www/html/mama/toupiao/Application/Runtime/Cache/Home/9eb0be1c8543928b722255f5f5e17aa1.php 第 86 行.
NOTIC: [8] Use of undefined constant id - assumed 'id' /var/www/html/mama/toupiao/Application/Runtime/Cache/Home/9eb0be1c8543928b722255f5f5e17aa1.php 第 86 行.
NOTIC: [8] Use of undefined constant id - assumed 'id' /var/www/html/mama/toupiao/Application/Runtime/Cache/Home/9eb0be1c8543928b722255f5f5e17aa1.php 第 86 行.
NOTIC: [8] Use of undefined constant id - assumed 'id' /var/www/html/mama/toupiao/Application/Runtime/Cache/Home/9eb0be1c8543928b722255f5f5e17aa1.php 第 86 行.
NOTIC: [8] Use of undefined constant id - assumed 'id' /var/www/html/mama/toupiao/Application/Runtime/Cache/Home/9eb0be1c8543928b722255f5f5e17aa1.php 第 86 行.
NOTIC: [8] Use of undefined constant id - assumed 'id' /var/www/html/mama/toupiao/Application/Runtime/Cache/Home/9eb0be1c8543928b722255f5f5e17aa1.php 第 86 行.
NOTIC: [8] Use of undefined constant id - assumed 'id' /var/www/html/mama/toupiao/Application/Runtime/Cache/Home/9eb0be1c8543928b722255f5f5e17aa1.php 第 86 行.
NOTIC: [8] Use of undefined constant id - assumed 'id' /var/www/html/mama/toupiao/Application/Runtime/Cache/Home/9eb0be1c8543928b722255f5f5e17aa1.php 第 86 行.
NOTIC: [8] Use of undefined constant id - assumed 'id' /var/www/html/mama/toupiao/Application/Runtime/Cache/Home/9eb0be1c8543928b722255f5f5e17aa1.php 第 86 行.
NOTIC: [8] Use of undefined constant id - assumed 'id' /var/www/html/mama/toupiao/Application/Runtime/Cache/Home/9eb0be1c8543928b722255f5f5e17aa1.php 第 86 行.
NOTIC: [8] Use of undefined constant id - assumed 'id' /var/www/html/mama/toupiao/Application/Runtime/Cache/Home/9eb0be1c8543928b722255f5f5e17aa1.php 第 86 行.
NOTIC: [8] Use of undefined constant id - assumed 'id' /var/www/html/mama/toupiao/Application/Runtime/Cache/Home/9eb0be1c8543928b722255f5f5e17aa1.php 第 86 行.
NOTIC: [8] Use of undefined constant id - assumed 'id' /var/www/html/mama/toupiao/Application/Runtime/Cache/Home/9eb0be1c8543928b722255f5f5e17aa1.php 第 86 行.
NOTIC: [8] Use of undefined constant id - assumed 'id' /var/www/html/mama/toupiao/Application/Runtime/Cache/Home/9eb0be1c8543928b722255f5f5e17aa1.php 第 86 行.
NOTIC: [8] Use of undefined constant id - assumed 'id' /var/www/html/mama/toupiao/Application/Runtime/Cache/Home/9eb0be1c8543928b722255f5f5e17aa1.php 第 86 行.
NOTIC: [8] Use of undefined constant id - assumed 'id' /var/www/html/mama/toupiao/Application/Runtime/Cache/Home/9eb0be1c8543928b722255f5f5e17aa1.php 第 86 行.
NOTIC: [8] Use of undefined constant id - assumed 'id' /var/www/html/mama/toupiao/Application/Runtime/Cache/Home/9eb0be1c8543928b722255f5f5e17aa1.php 第 86 行.
NOTIC: [8] Use of undefined constant id - assumed 'id' /var/www/html/mama/toupiao/Application/Runtime/Cache/Home/9eb0be1c8543928b722255f5f5e17aa1.php 第 86 行.
NOTIC: [8] Use of undefined constant id - assumed 'id' /var/www/html/mama/toupiao/Application/Runtime/Cache/Home/9eb0be1c8543928b722255f5f5e17aa1.php 第 86 行.
NOTIC: [8] Use of undefined constant id - assumed 'id' /var/www/html/mama/toupiao/Application/Runtime/Cache/Home/9eb0be1c8543928b722255f5f5e17aa1.php 第 86 行.
NOTIC: [8] Use of undefined constant id - assumed 'id' /var/www/html/mama/toupiao/Application/Runtime/Cache/Home/9eb0be1c8543928b722255f5f5e17aa1.php 第 86 行.
NOTIC: [8] Use of undefined constant id - assumed 'id' /var/www/html/mama/toupiao/Application/Runtime/Cache/Home/9eb0be1c8543928b722255f5f5e17aa1.php 第 86 行.
NOTIC: [8] Use of undefined constant id - assumed 'id' /var/www/html/mama/toupiao/Application/Runtime/Cache/Home/9eb0be1c8543928b722255f5f5e17aa1.php 第 86 行.
NOTIC: [8] Use of undefined constant id - assumed 'id' /var/www/html/mama/toupiao/Application/Runtime/Cache/Home/9eb0be1c8543928b722255f5f5e17aa1.php 第 86 行.
NOTIC: [8] Use of undefined constant id - assumed 'id' /var/www/html/mama/toupiao/Application/Runtime/Cache/Home/9eb0be1c8543928b722255f5f5e17aa1.php 第 86 行.
NOTIC: [8] Use of undefined constant id - assumed 'id' /var/www/html/mama/toupiao/Application/Runtime/Cache/Home/9eb0be1c8543928b722255f5f5e17aa1.php 第 86 行.
NOTIC: [8] Use of undefined constant id - assumed 'id' /var/www/html/mama/toupiao/Application/Runtime/Cache/Home/9eb0be1c8543928b722255f5f5e17aa1.php 第 86 行.
NOTIC: [8] Use of undefined constant id - assumed 'id' /var/www/html/mama/toupiao/Application/Runtime/Cache/Home/9eb0be1c8543928b722255f5f5e17aa1.php 第 86 行.
NOTIC: [8] Use of undefined constant id - assumed 'id' /var/www/html/mama/toupiao/Application/Runtime/Cache/Home/9eb0be1c8543928b722255f5f5e17aa1.php 第 86 行.
NOTIC: [8] Use of undefined constant id - assumed 'id' /var/www/html/mama/toupiao/Application/Runtime/Cache/Home/9eb0be1c8543928b722255f5f5e17aa1.php 第 86 行.
NOTIC: [8] Use of undefined constant id - assumed 'id' /var/www/html/mama/toupiao/Application/Runtime/Cache/Home/9eb0be1c8543928b722255f5f5e17aa1.php 第 86 行.
NOTIC: [8] Use of undefined constant id - assumed 'id' /var/www/html/mama/toupiao/Application/Runtime/Cache/Home/9eb0be1c8543928b722255f5f5e17aa1.php 第 86 行.
NOTIC: [8] Use of undefined constant id - assumed 'id' /var/www/html/mama/toupiao/Application/Runtime/Cache/Home/9eb0be1c8543928b722255f5f5e17aa1.php 第 86 行.
NOTIC: [8] Use of undefined constant id - assumed 'id' /var/www/html/mama/toupiao/Application/Runtime/Cache/Home/9eb0be1c8543928b722255f5f5e17aa1.php 第 86 行.
NOTIC: [8] Undefined variable: optionType /var/www/html/mama/toupiao/Application/Runtime/Cache/Home/9eb0be1c8543928b722255f5f5e17aa1.php 第 138 行.
INFO: Run Behavior\ParseTemplateBehavior [ RunTime:0.008715s ]
INFO: [ view_parse ] --END-- [ RunTime:0.008785s ]
INFO: [ view_filter ] --START--
INFO: Run Behavior\WriteHtmlCacheBehavior [ RunTime:0.000467s ]
INFO: [ view_filter ] --END-- [ RunTime:0.000548s ]
INFO: [ app_end ] --START--
INFO: Run Behavior\ShowPageTraceBehavior [ RunTime:0.003770s ]
INFO: [ app_end ] --END-- [ RunTime:0.004047s ]

[ 2014-11-24T10:28:28+08:00 ] 127.0.0.1 /Show/index/proId/216.html
INFO: [ app_init ] --START--
INFO: Run Behavior\BuildLiteBehavior [ RunTime:0.000065s ]
INFO: [ app_init ] --END-- [ RunTime:0.001411s ]
INFO: [ app_begin ] --START--
INFO: Run Behavior\ReadHtmlCacheBehavior [ RunTime:0.000896s ]
INFO: [ app_begin ] --END-- [ RunTime:0.001053s ]
NOTIC: [8192] mysql_connect(): The mysql extension is deprecated and will be removed in the future: use mysqli or PDO instead /var/www/html/mama/toupiao/ThinkPHP/Library/Think/Db/Driver/Mysql.class.php 第 52 行.
SQL: SHOW COLUMNS FROM `project` [ RunTime:0.002104s ]
SQL: SELECT * FROM `project` WHERE ( id = 216 ) LIMIT 1   [ RunTime:0.000378s ]
SQL: SHOW COLUMNS FROM `project_fields` [ RunTime:0.016604s ]
SQL: SELECT * FROM `project_fields` WHERE ( pid = 216 ) LIMIT 1   [ RunTime:0.000197s ]
NOTIC: [8] Undefined variable: optionLen /var/www/html/mama/toupiao/Application/Home/Controller/ShowController.class.php 第 46 行.
INFO: [ view_parse ] --START--
INFO: [ template_filter ] --START--
INFO: Run Behavior\ContentReplaceBehavior [ RunTime:0.000132s ]
INFO: [ template_filter ] --END-- [ RunTime:0.000306s ]
INFO: Run Behavior\ParseTemplateBehavior [ RunTime:0.041004s ]
INFO: [ view_parse ] --END-- [ RunTime:0.041055s ]
INFO: [ view_filter ] --START--
INFO: Run Behavior\WriteHtmlCacheBehavior [ RunTime:0.000107s ]
INFO: [ view_filter ] --END-- [ RunTime:0.000131s ]
INFO: [ app_end ] --START--
INFO: Run Behavior\ShowPageTraceBehavior [ RunTime:0.000297s ]
INFO: [ app_end ] --END-- [ RunTime:0.000328s ]

