[ 2015-01-19T21:11:44+08:00 ] 127.0.0.1 /mama/toupiao/
INFO: [ app_init ] --START--
INFO: Run Behavior\BuildLiteBehavior [ RunTime:0.000011s ]
INFO: [ app_init ] --END-- [ RunTime:0.000320s ]
INFO: [ app_begin ] --START--
INFO: Run Behavior\ReadHtmlCacheBehavior [ RunTime:0.010507s ]
INFO: [ app_begin ] --END-- [ RunTime:0.010570s ]
NOTIC: [8192] mysql_connect(): The mysql extension is deprecated and will be removed in the future: use mysqli or PDO instead /var/www/html/mama/toupiao/ThinkPHP/Library/Think/Db/Driver/Mysql.class.php 第 52 行.
SQL: SHOW COLUMNS FROM `common` [ RunTime:0.000350s ]
ERR: 1146:Table 'mama_toupiao.common' doesn't exist
 [ SQL语句 ] : SHOW COLUMNS FROM `common`

[ 2015-01-19T21:11:44+08:00 ] 127.0.0.1 /mama/toupiao/User/index.html
INFO: [ app_init ] --START--
INFO: Run Behavior\BuildLiteBehavior [ RunTime:0.000008s ]
INFO: [ app_init ] --END-- [ RunTime:0.000170s ]
INFO: [ app_begin ] --START--
INFO: Run Behavior\ReadHtmlCacheBehavior [ RunTime:0.000259s ]
INFO: [ app_begin ] --END-- [ RunTime:0.000289s ]
INFO: [ view_parse ] --START--
INFO: [ template_filter ] --START--
INFO: Run Behavior\ContentReplaceBehavior [ RunTime:0.000024s ]
INFO: [ template_filter ] --END-- [ RunTime:0.000065s ]
NOTIC: [8] Undefined index: login_uid /var/www/html/mama/toupiao/Application/Runtime/Cache/Home/6830cbac89ff06451c77cd8769d6d4ca.php 第 55 行.
INFO: Run Behavior\ParseTemplateBehavior [ RunTime:0.090510s ]
INFO: [ view_parse ] --END-- [ RunTime:0.090557s ]
INFO: [ view_filter ] --START--
INFO: Run Behavior\WriteHtmlCacheBehavior [ RunTime:0.006820s ]
INFO: [ view_filter ] --END-- [ RunTime:0.006860s ]
INFO: [ app_end ] --START--
INFO: Run Behavior\ShowPageTraceBehavior [ RunTime:0.000516s ]
INFO: [ app_end ] --END-- [ RunTime:0.000558s ]

[ 2015-01-19T21:11:47+08:00 ] 127.0.0.1 /mama/toupiao/User/login.html
INFO: [ app_init ] --START--
INFO: Run Behavior\BuildLiteBehavior [ RunTime:0.000012s ]
INFO: [ app_init ] --END-- [ RunTime:0.000229s ]
INFO: [ app_begin ] --START--
INFO: Run Behavior\ReadHtmlCacheBehavior [ RunTime:0.000274s ]
INFO: [ app_begin ] --END-- [ RunTime:0.000312s ]
INFO: [ view_parse ] --START--
INFO: [ template_filter ] --START--
INFO: Run Behavior\ContentReplaceBehavior [ RunTime:0.000020s ]
INFO: [ template_filter ] --END-- [ RunTime:0.000062s ]
INFO: Run Behavior\ParseTemplateBehavior [ RunTime:0.033047s ]
INFO: [ view_parse ] --END-- [ RunTime:0.033079s ]
INFO: [ view_filter ] --START--
INFO: Run Behavior\WriteHtmlCacheBehavior [ RunTime:0.000066s ]
INFO: [ view_filter ] --END-- [ RunTime:0.000086s ]
INFO: [ app_end ] --START--
INFO: Run Behavior\ShowPageTraceBehavior [ RunTime:0.000237s ]
INFO: [ app_end ] --END-- [ RunTime:0.000262s ]

[ 2015-01-19T21:11:49+08:00 ] 127.0.0.1 /mama/toupiao/Vote/index.html
INFO: [ app_init ] --START--
INFO: Run Behavior\BuildLiteBehavior [ RunTime:0.000010s ]
INFO: [ app_init ] --END-- [ RunTime:0.000184s ]
INFO: [ app_begin ] --START--
INFO: Run Behavior\ReadHtmlCacheBehavior [ RunTime:0.000221s ]
INFO: [ app_begin ] --END-- [ RunTime:0.000252s ]
NOTIC: [8192] mysql_connect(): The mysql extension is deprecated and will be removed in the future: use mysqli or PDO instead /var/www/html/mama/toupiao/ThinkPHP/Library/Think/Db/Driver/Mysql.class.php 第 52 行.
SQL: SHOW COLUMNS FROM `common` [ RunTime:0.000350s ]
ERR: 1146:Table 'mama_toupiao.common' doesn't exist
 [ SQL语句 ] : SHOW COLUMNS FROM `common`
SQL: SHOW COLUMNS FROM `project` [ RunTime:0.083135s ]
SQL: SELECT COUNT(*) AS tp_count FROM `project` WHERE ( type = 1 AND del = 0 ) LIMIT 1   [ RunTime:0.173739s ]
SQL: SELECT * FROM `project` WHERE ( type = 1 AND del = 0 ) ORDER BY dateline DESC LIMIT 0,15   [ RunTime:0.000444s ]
INFO: [ view_parse ] --START--
INFO: [ template_filter ] --START--
INFO: Run Behavior\ContentReplaceBehavior [ RunTime:0.000046s ]
INFO: [ template_filter ] --END-- [ RunTime:0.000090s ]
NOTIC: [8] Undefined variable: registerClass /var/www/html/mama/toupiao/Application/Runtime/Cache/Home/9eb0be1c8543928b722255f5f5e17aa1.php 第 36 行.
NOTIC: [8] Undefined variable: researchClass /var/www/html/mama/toupiao/Application/Runtime/Cache/Home/9eb0be1c8543928b722255f5f5e17aa1.php 第 39 行.
NOTIC: [8] Undefined variable: addClass /var/www/html/mama/toupiao/Application/Runtime/Cache/Home/9eb0be1c8543928b722255f5f5e17aa1.php 第 63 行.
NOTIC: [8] Use of undefined constant id - assumed 'id' /var/www/html/mama/toupiao/Application/Runtime/Cache/Home/9eb0be1c8543928b722255f5f5e17aa1.php 第 86 行.
NOTIC: [8] Use of undefined constant id - assumed 'id' /var/www/html/mama/toupiao/Application/Runtime/Cache/Home/9eb0be1c8543928b722255f5f5e17aa1.php 第 86 行.
NOTIC: [8] Use of undefined constant id - assumed 'id' /var/www/html/mama/toupiao/Application/Runtime/Cache/Home/9eb0be1c8543928b722255f5f5e17aa1.php 第 86 行.
NOTIC: [8] Use of undefined constant id - assumed 'id' /var/www/html/mama/toupiao/Application/Runtime/Cache/Home/9eb0be1c8543928b722255f5f5e17aa1.php 第 86 行.
NOTIC: [8] Use of undefined constant id - assumed 'id' /var/www/html/mama/toupiao/Application/Runtime/Cache/Home/9eb0be1c8543928b722255f5f5e17aa1.php 第 86 行.
NOTIC: [8] Use of undefined constant id - assumed 'id' /var/www/html/mama/toupiao/Application/Runtime/Cache/Home/9eb0be1c8543928b722255f5f5e17aa1.php 第 86 行.
NOTIC: [8] Use of undefined constant id - assumed 'id' /var/www/html/mama/toupiao/Application/Runtime/Cache/Home/9eb0be1c8543928b722255f5f5e17aa1.php 第 86 行.
NOTIC: [8] Use of undefined constant id - assumed 'id' /var/www/html/mama/toupiao/Application/Runtime/Cache/Home/9eb0be1c8543928b722255f5f5e17aa1.php 第 86 行.
NOTIC: [8] Use of undefined constant id - assumed 'id' /var/www/html/mama/toupiao/Application/Runtime/Cache/Home/9eb0be1c8543928b722255f5f5e17aa1.php 第 86 行.
NOTIC: [8] Use of undefined constant id - assumed 'id' /var/www/html/mama/toupiao/Application/Runtime/Cache/Home/9eb0be1c8543928b722255f5f5e17aa1.php 第 86 行.
NOTIC: [8] Use of undefined constant id - assumed 'id' /var/www/html/mama/toupiao/Application/Runtime/Cache/Home/9eb0be1c8543928b722255f5f5e17aa1.php 第 86 行.
NOTIC: [8] Use of undefined constant id - assumed 'id' /var/www/html/mama/toupiao/Application/Runtime/Cache/Home/9eb0be1c8543928b722255f5f5e17aa1.php 第 86 行.
NOTIC: [8] Use of undefined constant id - assumed 'id' /var/www/html/mama/toupiao/Application/Runtime/Cache/Home/9eb0be1c8543928b722255f5f5e17aa1.php 第 86 行.
NOTIC: [8] Use of undefined constant id - assumed 'id' /var/www/html/mama/toupiao/Application/Runtime/Cache/Home/9eb0be1c8543928b722255f5f5e17aa1.php 第 86 行.
NOTIC: [8] Use of undefined constant id - assumed 'id' /var/www/html/mama/toupiao/Application/Runtime/Cache/Home/9eb0be1c8543928b722255f5f5e17aa1.php 第 86 行.
NOTIC: [8] Use of undefined constant id - assumed 'id' /var/www/html/mama/toupiao/Application/Runtime/Cache/Home/9eb0be1c8543928b722255f5f5e17aa1.php 第 86 行.
NOTIC: [8] Use of undefined constant id - assumed 'id' /var/www/html/mama/toupiao/Application/Runtime/Cache/Home/9eb0be1c8543928b722255f5f5e17aa1.php 第 86 行.
NOTIC: [8] Use of undefined constant id - assumed 'id' /var/www/html/mama/toupiao/Application/Runtime/Cache/Home/9eb0be1c8543928b722255f5f5e17aa1.php 第 86 行.
NOTIC: [8] Use of undefined constant id - assumed 'id' /var/www/html/mama/toupiao/Application/Runtime/Cache/Home/9eb0be1c8543928b722255f5f5e17aa1.php 第 86 行.
NOTIC: [8] Use of undefined constant id - assumed 'id' /var/www/html/mama/toupiao/Application/Runtime/Cache/Home/9eb0be1c8543928b722255f5f5e17aa1.php 第 86 行.
NOTIC: [8] Use of undefined constant id - assumed 'id' /var/www/html/mama/toupiao/Application/Runtime/Cache/Home/9eb0be1c8543928b722255f5f5e17aa1.php 第 86 行.
NOTIC: [8] Use of undefined constant id - assumed 'id' /var/www/html/mama/toupiao/Application/Runtime/Cache/Home/9eb0be1c8543928b722255f5f5e17aa1.php 第 86 行.
NOTIC: [8] Use of undefined constant id - assumed 'id' /var/www/html/mama/toupiao/Application/Runtime/Cache/Home/9eb0be1c8543928b722255f5f5e17aa1.php 第 86 行.
NOTIC: [8] Use of undefined constant id - assumed 'id' /var/www/html/mama/toupiao/Application/Runtime/Cache/Home/9eb0be1c8543928b722255f5f5e17aa1.php 第 86 行.
NOTIC: [8] Use of undefined constant id - assumed 'id' /var/www/html/mama/toupiao/Application/Runtime/Cache/Home/9eb0be1c8543928b722255f5f5e17aa1.php 第 86 行.
NOTIC: [8] Use of undefined constant id - assumed 'id' /var/www/html/mama/toupiao/Application/Runtime/Cache/Home/9eb0be1c8543928b722255f5f5e17aa1.php 第 86 行.
NOTIC: [8] Use of undefined constant id - assumed 'id' /var/www/html/mama/toupiao/Application/Runtime/Cache/Home/9eb0be1c8543928b722255f5f5e17aa1.php 第 86 行.
NOTIC: [8] Use of undefined constant id - assumed 'id' /var/www/html/mama/toupiao/Application/Runtime/Cache/Home/9eb0be1c8543928b722255f5f5e17aa1.php 第 86 行.
NOTIC: [8] Use of undefined constant id - assumed 'id' /var/www/html/mama/toupiao/Application/Runtime/Cache/Home/9eb0be1c8543928b722255f5f5e17aa1.php 第 86 行.
NOTIC: [8] Use of undefined constant id - assumed 'id' /var/www/html/mama/toupiao/Application/Runtime/Cache/Home/9eb0be1c8543928b722255f5f5e17aa1.php 第 86 行.
NOTIC: [8] Use of undefined constant id - assumed 'id' /var/www/html/mama/toupiao/Application/Runtime/Cache/Home/9eb0be1c8543928b722255f5f5e17aa1.php 第 86 行.
NOTIC: [8] Use of undefined constant id - assumed 'id' /var/www/html/mama/toupiao/Application/Runtime/Cache/Home/9eb0be1c8543928b722255f5f5e17aa1.php 第 86 行.
NOTIC: [8] Use of undefined constant id - assumed 'id' /var/www/html/mama/toupiao/Application/Runtime/Cache/Home/9eb0be1c8543928b722255f5f5e17aa1.php 第 86 行.
NOTIC: [8] Use of undefined constant id - assumed 'id' /var/www/html/mama/toupiao/Application/Runtime/Cache/Home/9eb0be1c8543928b722255f5f5e17aa1.php 第 86 行.
NOTIC: [8] Use of undefined constant id - assumed 'id' /var/www/html/mama/toupiao/Application/Runtime/Cache/Home/9eb0be1c8543928b722255f5f5e17aa1.php 第 86 行.
NOTIC: [8] Use of undefined constant id - assumed 'id' /var/www/html/mama/toupiao/Application/Runtime/Cache/Home/9eb0be1c8543928b722255f5f5e17aa1.php 第 86 行.
NOTIC: [8] Use of undefined constant id - assumed 'id' /var/www/html/mama/toupiao/Application/Runtime/Cache/Home/9eb0be1c8543928b722255f5f5e17aa1.php 第 86 行.
NOTIC: [8] Use of undefined constant id - assumed 'id' /var/www/html/mama/toupiao/Application/Runtime/Cache/Home/9eb0be1c8543928b722255f5f5e17aa1.php 第 86 行.
NOTIC: [8] Use of undefined constant id - assumed 'id' /var/www/html/mama/toupiao/Application/Runtime/Cache/Home/9eb0be1c8543928b722255f5f5e17aa1.php 第 86 行.
NOTIC: [8] Use of undefined constant id - assumed 'id' /var/www/html/mama/toupiao/Application/Runtime/Cache/Home/9eb0be1c8543928b722255f5f5e17aa1.php 第 86 行.
NOTIC: [8] Use of undefined constant id - assumed 'id' /var/www/html/mama/toupiao/Application/Runtime/Cache/Home/9eb0be1c8543928b722255f5f5e17aa1.php 第 86 行.
NOTIC: [8] Use of undefined constant id - assumed 'id' /var/www/html/mama/toupiao/Application/Runtime/Cache/Home/9eb0be1c8543928b722255f5f5e17aa1.php 第 86 行.
NOTIC: [8] Use of undefined constant id - assumed 'id' /var/www/html/mama/toupiao/Application/Runtime/Cache/Home/9eb0be1c8543928b722255f5f5e17aa1.php 第 86 行.
NOTIC: [8] Use of undefined constant id - assumed 'id' /var/www/html/mama/toupiao/Application/Runtime/Cache/Home/9eb0be1c8543928b722255f5f5e17aa1.php 第 86 行.
NOTIC: [8] Use of undefined constant id - assumed 'id' /var/www/html/mama/toupiao/Application/Runtime/Cache/Home/9eb0be1c8543928b722255f5f5e17aa1.php 第 86 行.
NOTIC: [8] Undefined variable: optionType /var/www/html/mama/toupiao/Application/Runtime/Cache/Home/9eb0be1c8543928b722255f5f5e17aa1.php 第 138 行.
INFO: Run Behavior\ParseTemplateBehavior [ RunTime:0.046374s ]
INFO: [ view_parse ] --END-- [ RunTime:0.046414s ]
INFO: [ view_filter ] --START--
INFO: Run Behavior\WriteHtmlCacheBehavior [ RunTime:0.000064s ]
INFO: [ view_filter ] --END-- [ RunTime:0.000083s ]
INFO: [ app_end ] --START--
INFO: Run Behavior\ShowPageTraceBehavior [ RunTime:0.000257s ]
INFO: [ app_end ] --END-- [ RunTime:0.000284s ]

[ 2015-01-19T21:11:52+08:00 ] 127.0.0.1 /mama/toupiao/Vote/add.html
INFO: [ app_init ] --START--
INFO: Run Behavior\BuildLiteBehavior [ RunTime:0.000016s ]
INFO: [ app_init ] --END-- [ RunTime:0.000291s ]
INFO: [ app_begin ] --START--
INFO: Run Behavior\ReadHtmlCacheBehavior [ RunTime:0.000376s ]
INFO: [ app_begin ] --END-- [ RunTime:0.000440s ]
NOTIC: [8192] mysql_connect(): The mysql extension is deprecated and will be removed in the future: use mysqli or PDO instead /var/www/html/mama/toupiao/ThinkPHP/Library/Think/Db/Driver/Mysql.class.php 第 52 行.
SQL: SHOW COLUMNS FROM `common` [ RunTime:0.000322s ]
ERR: 1146:Table 'mama_toupiao.common' doesn't exist
 [ SQL语句 ] : SHOW COLUMNS FROM `common`
INFO: [ view_parse ] --START--
INFO: [ template_filter ] --START--
INFO: Run Behavior\ContentReplaceBehavior [ RunTime:0.000039s ]
INFO: [ template_filter ] --END-- [ RunTime:0.000076s ]
NOTIC: [8] Undefined variable: registerClass /var/www/html/mama/toupiao/Application/Runtime/Cache/Home/46b4f8ce50cfba97b2c6d2480ff21293.php 第 36 行.
NOTIC: [8] Undefined variable: researchClass /var/www/html/mama/toupiao/Application/Runtime/Cache/Home/46b4f8ce50cfba97b2c6d2480ff21293.php 第 39 行.
NOTIC: [8] Undefined variable: listClass /var/www/html/mama/toupiao/Application/Runtime/Cache/Home/46b4f8ce50cfba97b2c6d2480ff21293.php 第 62 行.
INFO: Run Behavior\ParseTemplateBehavior [ RunTime:0.030887s ]
INFO: [ view_parse ] --END-- [ RunTime:0.030917s ]
INFO: [ view_filter ] --START--
INFO: Run Behavior\WriteHtmlCacheBehavior [ RunTime:0.000065s ]
INFO: [ view_filter ] --END-- [ RunTime:0.000082s ]
INFO: [ app_end ] --START--
INFO: Run Behavior\ShowPageTraceBehavior [ RunTime:0.000263s ]
INFO: [ app_end ] --END-- [ RunTime:0.000291s ]

[ 2015-01-19T21:12:05+08:00 ] 127.0.0.1 /mama/toupiao/Vote/add.html
INFO: [ app_init ] --START--
INFO: Run Behavior\BuildLiteBehavior [ RunTime:0.000010s ]
INFO: [ app_init ] --END-- [ RunTime:0.000188s ]
INFO: [ app_begin ] --START--
INFO: Run Behavior\ReadHtmlCacheBehavior [ RunTime:0.000224s ]
INFO: [ app_begin ] --END-- [ RunTime:0.000258s ]
NOTIC: [8192] mysql_connect(): The mysql extension is deprecated and will be removed in the future: use mysqli or PDO instead /var/www/html/mama/toupiao/ThinkPHP/Library/Think/Db/Driver/Mysql.class.php 第 52 行.
SQL: SHOW COLUMNS FROM `common` [ RunTime:0.000382s ]
ERR: 1146:Table 'mama_toupiao.common' doesn't exist
 [ SQL语句 ] : SHOW COLUMNS FROM `common`
INFO: [ view_parse ] --START--
INFO: [ template_filter ] --START--
INFO: Run Behavior\ContentReplaceBehavior [ RunTime:0.000047s ]
INFO: [ template_filter ] --END-- [ RunTime:0.000089s ]
NOTIC: [8] Undefined variable: registerClass /var/www/html/mama/toupiao/Application/Runtime/Cache/Home/46b4f8ce50cfba97b2c6d2480ff21293.php 第 36 行.
NOTIC: [8] Undefined variable: researchClass /var/www/html/mama/toupiao/Application/Runtime/Cache/Home/46b4f8ce50cfba97b2c6d2480ff21293.php 第 39 行.
NOTIC: [8] Undefined variable: listClass /var/www/html/mama/toupiao/Application/Runtime/Cache/Home/46b4f8ce50cfba97b2c6d2480ff21293.php 第 62 行.
INFO: Run Behavior\ParseTemplateBehavior [ RunTime:0.007899s ]
INFO: [ view_parse ] --END-- [ RunTime:0.007934s ]
INFO: [ view_filter ] --START--
INFO: Run Behavior\WriteHtmlCacheBehavior [ RunTime:0.000116s ]
INFO: [ view_filter ] --END-- [ RunTime:0.000142s ]
INFO: [ app_end ] --START--
INFO: Run Behavior\ShowPageTraceBehavior [ RunTime:0.000395s ]
INFO: [ app_end ] --END-- [ RunTime:0.000442s ]

[ 2015-01-19T21:12:23+08:00 ] 127.0.0.1 /mama/toupiao/Register/index.html
INFO: [ app_init ] --START--
INFO: Run Behavior\BuildLiteBehavior [ RunTime:0.000015s ]
INFO: [ app_init ] --END-- [ RunTime:0.000285s ]
INFO: [ app_begin ] --START--
INFO: Run Behavior\ReadHtmlCacheBehavior [ RunTime:0.000358s ]
INFO: [ app_begin ] --END-- [ RunTime:0.000405s ]
NOTIC: [8192] mysql_connect(): The mysql extension is deprecated and will be removed in the future: use mysqli or PDO instead /var/www/html/mama/toupiao/ThinkPHP/Library/Think/Db/Driver/Mysql.class.php 第 52 行.
SQL: SHOW COLUMNS FROM `common` [ RunTime:0.000473s ]
ERR: 1146:Table 'mama_toupiao.common' doesn't exist
 [ SQL语句 ] : SHOW COLUMNS FROM `common`
SQL: SHOW COLUMNS FROM `project` [ RunTime:0.000485s ]
SQL: SELECT COUNT(*) AS tp_count FROM `project` WHERE ( type = 2 AND del = 0 ) LIMIT 1   [ RunTime:0.012703s ]
SQL: SELECT * FROM `project` WHERE ( type = 2 AND del = 0 ) ORDER BY dateline DESC LIMIT 0,15   [ RunTime:0.000303s ]
INFO: [ view_parse ] --START--
INFO: [ template_filter ] --START--
INFO: Run Behavior\ContentReplaceBehavior [ RunTime:0.000032s ]
INFO: [ template_filter ] --END-- [ RunTime:0.000068s ]
NOTIC: [8] Undefined variable: voteClass /var/www/html/mama/toupiao/Application/Runtime/Cache/Home/8bb6b0286929b81b0448f2cdcc1e937c.php 第 33 行.
NOTIC: [8] Undefined variable: researchClass /var/www/html/mama/toupiao/Application/Runtime/Cache/Home/8bb6b0286929b81b0448f2cdcc1e937c.php 第 39 行.
NOTIC: [8] Undefined variable: addClass /var/www/html/mama/toupiao/Application/Runtime/Cache/Home/8bb6b0286929b81b0448f2cdcc1e937c.php 第 63 行.
NOTIC: [8] Use of undefined constant id - assumed 'id' /var/www/html/mama/toupiao/Application/Runtime/Cache/Home/8bb6b0286929b81b0448f2cdcc1e937c.php 第 86 行.
NOTIC: [8] Use of undefined constant id - assumed 'id' /var/www/html/mama/toupiao/Application/Runtime/Cache/Home/8bb6b0286929b81b0448f2cdcc1e937c.php 第 86 行.
NOTIC: [8] Use of undefined constant id - assumed 'id' /var/www/html/mama/toupiao/Application/Runtime/Cache/Home/8bb6b0286929b81b0448f2cdcc1e937c.php 第 86 行.
NOTIC: [8] Use of undefined constant id - assumed 'id' /var/www/html/mama/toupiao/Application/Runtime/Cache/Home/8bb6b0286929b81b0448f2cdcc1e937c.php 第 86 行.
NOTIC: [8] Use of undefined constant id - assumed 'id' /var/www/html/mama/toupiao/Application/Runtime/Cache/Home/8bb6b0286929b81b0448f2cdcc1e937c.php 第 86 行.
NOTIC: [8] Use of undefined constant id - assumed 'id' /var/www/html/mama/toupiao/Application/Runtime/Cache/Home/8bb6b0286929b81b0448f2cdcc1e937c.php 第 86 行.
NOTIC: [8] Use of undefined constant id - assumed 'id' /var/www/html/mama/toupiao/Application/Runtime/Cache/Home/8bb6b0286929b81b0448f2cdcc1e937c.php 第 86 行.
NOTIC: [8] Use of undefined constant id - assumed 'id' /var/www/html/mama/toupiao/Application/Runtime/Cache/Home/8bb6b0286929b81b0448f2cdcc1e937c.php 第 86 行.
NOTIC: [8] Use of undefined constant id - assumed 'id' /var/www/html/mama/toupiao/Application/Runtime/Cache/Home/8bb6b0286929b81b0448f2cdcc1e937c.php 第 86 行.
NOTIC: [8] Use of undefined constant id - assumed 'id' /var/www/html/mama/toupiao/Application/Runtime/Cache/Home/8bb6b0286929b81b0448f2cdcc1e937c.php 第 86 行.
NOTIC: [8] Use of undefined constant id - assumed 'id' /var/www/html/mama/toupiao/Application/Runtime/Cache/Home/8bb6b0286929b81b0448f2cdcc1e937c.php 第 86 行.
NOTIC: [8] Use of undefined constant id - assumed 'id' /var/www/html/mama/toupiao/Application/Runtime/Cache/Home/8bb6b0286929b81b0448f2cdcc1e937c.php 第 86 行.
NOTIC: [8] Use of undefined constant id - assumed 'id' /var/www/html/mama/toupiao/Application/Runtime/Cache/Home/8bb6b0286929b81b0448f2cdcc1e937c.php 第 86 行.
NOTIC: [8] Use of undefined constant id - assumed 'id' /var/www/html/mama/toupiao/Application/Runtime/Cache/Home/8bb6b0286929b81b0448f2cdcc1e937c.php 第 86 行.
NOTIC: [8] Use of undefined constant id - assumed 'id' /var/www/html/mama/toupiao/Application/Runtime/Cache/Home/8bb6b0286929b81b0448f2cdcc1e937c.php 第 86 行.
NOTIC: [8] Use of undefined constant id - assumed 'id' /var/www/html/mama/toupiao/Application/Runtime/Cache/Home/8bb6b0286929b81b0448f2cdcc1e937c.php 第 86 行.
NOTIC: [8] Use of undefined constant id - assumed 'id' /var/www/html/mama/toupiao/Application/Runtime/Cache/Home/8bb6b0286929b81b0448f2cdcc1e937c.php 第 86 行.
NOTIC: [8] Use of undefined constant id - assumed 'id' /var/www/html/mama/toupiao/Application/Runtime/Cache/Home/8bb6b0286929b81b0448f2cdcc1e937c.php 第 86 行.
NOTIC: [8] Use of undefined constant id - assumed 'id' /var/www/html/mama/toupiao/Application/Runtime/Cache/Home/8bb6b0286929b81b0448f2cdcc1e937c.php 第 86 行.
NOTIC: [8] Use of undefined constant id - assumed 'id' /var/www/html/mama/toupiao/Application/Runtime/Cache/Home/8bb6b0286929b81b0448f2cdcc1e937c.php 第 86 行.
NOTIC: [8] Use of undefined constant id - assumed 'id' /var/www/html/mama/toupiao/Application/Runtime/Cache/Home/8bb6b0286929b81b0448f2cdcc1e937c.php 第 86 行.
NOTIC: [8] Use of undefined constant id - assumed 'id' /var/www/html/mama/toupiao/Application/Runtime/Cache/Home/8bb6b0286929b81b0448f2cdcc1e937c.php 第 86 行.
NOTIC: [8] Use of undefined constant id - assumed 'id' /var/www/html/mama/toupiao/Application/Runtime/Cache/Home/8bb6b0286929b81b0448f2cdcc1e937c.php 第 86 行.
NOTIC: [8] Use of undefined constant id - assumed 'id' /var/www/html/mama/toupiao/Application/Runtime/Cache/Home/8bb6b0286929b81b0448f2cdcc1e937c.php 第 86 行.
NOTIC: [8] Undefined variable: optionType /var/www/html/mama/toupiao/Application/Runtime/Cache/Home/8bb6b0286929b81b0448f2cdcc1e937c.php 第 138 行.
INFO: Run Behavior\ParseTemplateBehavior [ RunTime:0.022909s ]
INFO: [ view_parse ] --END-- [ RunTime:0.022960s ]
INFO: [ view_filter ] --START--
INFO: Run Behavior\WriteHtmlCacheBehavior [ RunTime:0.000075s ]
INFO: [ view_filter ] --END-- [ RunTime:0.000094s ]
INFO: [ app_end ] --START--
INFO: Run Behavior\ShowPageTraceBehavior [ RunTime:0.000295s ]
INFO: [ app_end ] --END-- [ RunTime:0.000332s ]

[ 2015-01-19T21:12:24+08:00 ] 127.0.0.1 /mama/toupiao/Register/add.html
INFO: [ app_init ] --START--
INFO: Run Behavior\BuildLiteBehavior [ RunTime:0.000011s ]
INFO: [ app_init ] --END-- [ RunTime:0.000222s ]
INFO: [ app_begin ] --START--
INFO: Run Behavior\ReadHtmlCacheBehavior [ RunTime:0.000246s ]
INFO: [ app_begin ] --END-- [ RunTime:0.000282s ]
NOTIC: [8192] mysql_connect(): The mysql extension is deprecated and will be removed in the future: use mysqli or PDO instead /var/www/html/mama/toupiao/ThinkPHP/Library/Think/Db/Driver/Mysql.class.php 第 52 行.
SQL: SHOW COLUMNS FROM `common` [ RunTime:0.000335s ]
ERR: 1146:Table 'mama_toupiao.common' doesn't exist
 [ SQL语句 ] : SHOW COLUMNS FROM `common`
INFO: [ view_parse ] --START--
INFO: [ template_filter ] --START--
INFO: Run Behavior\ContentReplaceBehavior [ RunTime:0.000033s ]
INFO: [ template_filter ] --END-- [ RunTime:0.000066s ]
NOTIC: [8] Undefined variable: voteClass /var/www/html/mama/toupiao/Application/Runtime/Cache/Home/e565bc405bee902eed9c5aab06c2e15d.php 第 33 行.
NOTIC: [8] Undefined variable: researchClass /var/www/html/mama/toupiao/Application/Runtime/Cache/Home/e565bc405bee902eed9c5aab06c2e15d.php 第 39 行.
NOTIC: [8] Undefined variable: listClass /var/www/html/mama/toupiao/Application/Runtime/Cache/Home/e565bc405bee902eed9c5aab06c2e15d.php 第 62 行.
INFO: Run Behavior\ParseTemplateBehavior [ RunTime:0.018663s ]
INFO: [ view_parse ] --END-- [ RunTime:0.018693s ]
INFO: [ view_filter ] --START--
INFO: Run Behavior\WriteHtmlCacheBehavior [ RunTime:0.000068s ]
INFO: [ view_filter ] --END-- [ RunTime:0.000088s ]
INFO: [ app_end ] --START--
INFO: Run Behavior\ShowPageTraceBehavior [ RunTime:0.000259s ]
INFO: [ app_end ] --END-- [ RunTime:0.000297s ]

[ 2015-01-19T21:12:25+08:00 ] 127.0.0.1 /mama/toupiao/Vote/index.html
INFO: [ app_init ] --START--
INFO: Run Behavior\BuildLiteBehavior [ RunTime:0.000011s ]
INFO: [ app_init ] --END-- [ RunTime:0.000197s ]
INFO: [ app_begin ] --START--
INFO: Run Behavior\ReadHtmlCacheBehavior [ RunTime:0.000220s ]
INFO: [ app_begin ] --END-- [ RunTime:0.000251s ]
NOTIC: [8192] mysql_connect(): The mysql extension is deprecated and will be removed in the future: use mysqli or PDO instead /var/www/html/mama/toupiao/ThinkPHP/Library/Think/Db/Driver/Mysql.class.php 第 52 行.
SQL: SHOW COLUMNS FROM `common` [ RunTime:0.000311s ]
ERR: 1146:Table 'mama_toupiao.common' doesn't exist
 [ SQL语句 ] : SHOW COLUMNS FROM `common`
SQL: SHOW COLUMNS FROM `project` [ RunTime:0.000323s ]
SQL: SELECT COUNT(*) AS tp_count FROM `project` WHERE ( type = 1 AND del = 0 ) LIMIT 1   [ RunTime:0.000266s ]
SQL: SELECT * FROM `project` WHERE ( type = 1 AND del = 0 ) ORDER BY dateline DESC LIMIT 0,15   [ RunTime:0.000340s ]
INFO: [ view_parse ] --START--
INFO: [ template_filter ] --START--
INFO: Run Behavior\ContentReplaceBehavior [ RunTime:0.000030s ]
INFO: [ template_filter ] --END-- [ RunTime:0.000065s ]
NOTIC: [8] Undefined variable: registerClass /var/www/html/mama/toupiao/Application/Runtime/Cache/Home/9eb0be1c8543928b722255f5f5e17aa1.php 第 36 行.
NOTIC: [8] Undefined variable: researchClass /var/www/html/mama/toupiao/Application/Runtime/Cache/Home/9eb0be1c8543928b722255f5f5e17aa1.php 第 39 行.
NOTIC: [8] Undefined variable: addClass /var/www/html/mama/toupiao/Application/Runtime/Cache/Home/9eb0be1c8543928b722255f5f5e17aa1.php 第 63 行.
NOTIC: [8] Use of undefined constant id - assumed 'id' /var/www/html/mama/toupiao/Application/Runtime/Cache/Home/9eb0be1c8543928b722255f5f5e17aa1.php 第 86 行.
NOTIC: [8] Use of undefined constant id - assumed 'id' /var/www/html/mama/toupiao/Application/Runtime/Cache/Home/9eb0be1c8543928b722255f5f5e17aa1.php 第 86 行.
NOTIC: [8] Use of undefined constant id - assumed 'id' /var/www/html/mama/toupiao/Application/Runtime/Cache/Home/9eb0be1c8543928b722255f5f5e17aa1.php 第 86 行.
NOTIC: [8] Use of undefined constant id - assumed 'id' /var/www/html/mama/toupiao/Application/Runtime/Cache/Home/9eb0be1c8543928b722255f5f5e17aa1.php 第 86 行.
NOTIC: [8] Use of undefined constant id - assumed 'id' /var/www/html/mama/toupiao/Application/Runtime/Cache/Home/9eb0be1c8543928b722255f5f5e17aa1.php 第 86 行.
NOTIC: [8] Use of undefined constant id - assumed 'id' /var/www/html/mama/toupiao/Application/Runtime/Cache/Home/9eb0be1c8543928b722255f5f5e17aa1.php 第 86 行.
NOTIC: [8] Use of undefined constant id - assumed 'id' /var/www/html/mama/toupiao/Application/Runtime/Cache/Home/9eb0be1c8543928b722255f5f5e17aa1.php 第 86 行.
NOTIC: [8] Use of undefined constant id - assumed 'id' /var/www/html/mama/toupiao/Application/Runtime/Cache/Home/9eb0be1c8543928b722255f5f5e17aa1.php 第 86 行.
NOTIC: [8] Use of undefined constant id - assumed 'id' /var/www/html/mama/toupiao/Application/Runtime/Cache/Home/9eb0be1c8543928b722255f5f5e17aa1.php 第 86 行.
NOTIC: [8] Use of undefined constant id - assumed 'id' /var/www/html/mama/toupiao/Application/Runtime/Cache/Home/9eb0be1c8543928b722255f5f5e17aa1.php 第 86 行.
NOTIC: [8] Use of undefined constant id - assumed 'id' /var/www/html/mama/toupiao/Application/Runtime/Cache/Home/9eb0be1c8543928b722255f5f5e17aa1.php 第 86 行.
NOTIC: [8] Use of undefined constant id - assumed 'id' /var/www/html/mama/toupiao/Application/Runtime/Cache/Home/9eb0be1c8543928b722255f5f5e17aa1.php 第 86 行.
NOTIC: [8] Use of undefined constant id - assumed 'id' /var/www/html/mama/toupiao/Application/Runtime/Cache/Home/9eb0be1c8543928b722255f5f5e17aa1.php 第 86 行.
NOTIC: [8] Use of undefined constant id - assumed 'id' /var/www/html/mama/toupiao/Application/Runtime/Cache/Home/9eb0be1c8543928b722255f5f5e17aa1.php 第 86 行.
NOTIC: [8] Use of undefined constant id - assumed 'id' /var/www/html/mama/toupiao/Application/Runtime/Cache/Home/9eb0be1c8543928b722255f5f5e17aa1.php 第 86 行.
NOTIC: [8] Use of undefined constant id - assumed 'id' /var/www/html/mama/toupiao/Application/Runtime/Cache/Home/9eb0be1c8543928b722255f5f5e17aa1.php 第 86 行.
NOTIC: [8] Use of undefined constant id - assumed 'id' /var/www/html/mama/toupiao/Application/Runtime/Cache/Home/9eb0be1c8543928b722255f5f5e17aa1.php 第 86 行.
NOTIC: [8] Use of undefined constant id - assumed 'id' /var/www/html/mama/toupiao/Application/Runtime/Cache/Home/9eb0be1c8543928b722255f5f5e17aa1.php 第 86 行.
NOTIC: [8] Use of undefined constant id - assumed 'id' /var/www/html/mama/toupiao/Application/Runtime/Cache/Home/9eb0be1c8543928b722255f5f5e17aa1.php 第 86 行.
NOTIC: [8] Use of undefined constant id - assumed 'id' /var/www/html/mama/toupiao/Application/Runtime/Cache/Home/9eb0be1c8543928b722255f5f5e17aa1.php 第 86 行.
NOTIC: [8] Use of undefined constant id - assumed 'id' /var/www/html/mama/toupiao/Application/Runtime/Cache/Home/9eb0be1c8543928b722255f5f5e17aa1.php 第 86 行.
NOTIC: [8] Use of undefined constant id - assumed 'id' /var/www/html/mama/toupiao/Application/Runtime/Cache/Home/9eb0be1c8543928b722255f5f5e17aa1.php 第 86 行.
NOTIC: [8] Use of undefined constant id - assumed 'id' /var/www/html/mama/toupiao/Application/Runtime/Cache/Home/9eb0be1c8543928b722255f5f5e17aa1.php 第 86 行.
NOTIC: [8] Use of undefined constant id - assumed 'id' /var/www/html/mama/toupiao/Application/Runtime/Cache/Home/9eb0be1c8543928b722255f5f5e17aa1.php 第 86 行.
NOTIC: [8] Use of undefined constant id - assumed 'id' /var/www/html/mama/toupiao/Application/Runtime/Cache/Home/9eb0be1c8543928b722255f5f5e17aa1.php 第 86 行.
NOTIC: [8] Use of undefined constant id - assumed 'id' /var/www/html/mama/toupiao/Application/Runtime/Cache/Home/9eb0be1c8543928b722255f5f5e17aa1.php 第 86 行.
NOTIC: [8] Use of undefined constant id - assumed 'id' /var/www/html/mama/toupiao/Application/Runtime/Cache/Home/9eb0be1c8543928b722255f5f5e17aa1.php 第 86 行.
NOTIC: [8] Use of undefined constant id - assumed 'id' /var/www/html/mama/toupiao/Application/Runtime/Cache/Home/9eb0be1c8543928b722255f5f5e17aa1.php 第 86 行.
NOTIC: [8] Use of undefined constant id - assumed 'id' /var/www/html/mama/toupiao/Application/Runtime/Cache/Home/9eb0be1c8543928b722255f5f5e17aa1.php 第 86 行.
NOTIC: [8] Use of undefined constant id - assumed 'id' /var/www/html/mama/toupiao/Application/Runtime/Cache/Home/9eb0be1c8543928b722255f5f5e17aa1.php 第 86 行.
NOTIC: [8] Use of undefined constant id - assumed 'id' /var/www/html/mama/toupiao/Application/Runtime/Cache/Home/9eb0be1c8543928b722255f5f5e17aa1.php 第 86 行.
NOTIC: [8] Use of undefined constant id - assumed 'id' /var/www/html/mama/toupiao/Application/Runtime/Cache/Home/9eb0be1c8543928b722255f5f5e17aa1.php 第 86 行.
NOTIC: [8] Use of undefined constant id - assumed 'id' /var/www/html/mama/toupiao/Application/Runtime/Cache/Home/9eb0be1c8543928b722255f5f5e17aa1.php 第 86 行.
NOTIC: [8] Use of undefined constant id - assumed 'id' /var/www/html/mama/toupiao/Application/Runtime/Cache/Home/9eb0be1c8543928b722255f5f5e17aa1.php 第 86 行.
NOTIC: [8] Use of undefined constant id - assumed 'id' /var/www/html/mama/toupiao/Application/Runtime/Cache/Home/9eb0be1c8543928b722255f5f5e17aa1.php 第 86 行.
NOTIC: [8] Use of undefined constant id - assumed 'id' /var/www/html/mama/toupiao/Application/Runtime/Cache/Home/9eb0be1c8543928b722255f5f5e17aa1.php 第 86 行.
NOTIC: [8] Use of undefined constant id - assumed 'id' /var/www/html/mama/toupiao/Application/Runtime/Cache/Home/9eb0be1c8543928b722255f5f5e17aa1.php 第 86 行.
NOTIC: [8] Use of undefined constant id - assumed 'id' /var/www/html/mama/toupiao/Application/Runtime/Cache/Home/9eb0be1c8543928b722255f5f5e17aa1.php 第 86 行.
NOTIC: [8] Use of undefined constant id - assumed 'id' /var/www/html/mama/toupiao/Application/Runtime/Cache/Home/9eb0be1c8543928b722255f5f5e17aa1.php 第 86 行.
NOTIC: [8] Use of undefined constant id - assumed 'id' /var/www/html/mama/toupiao/Application/Runtime/Cache/Home/9eb0be1c8543928b722255f5f5e17aa1.php 第 86 行.
NOTIC: [8] Use of undefined constant id - assumed 'id' /var/www/html/mama/toupiao/Application/Runtime/Cache/Home/9eb0be1c8543928b722255f5f5e17aa1.php 第 86 行.
NOTIC: [8] Use of undefined constant id - assumed 'id' /var/www/html/mama/toupiao/Application/Runtime/Cache/Home/9eb0be1c8543928b722255f5f5e17aa1.php 第 86 行.
NOTIC: [8] Use of undefined constant id - assumed 'id' /var/www/html/mama/toupiao/Application/Runtime/Cache/Home/9eb0be1c8543928b722255f5f5e17aa1.php 第 86 行.
NOTIC: [8] Use of undefined constant id - assumed 'id' /var/www/html/mama/toupiao/Application/Runtime/Cache/Home/9eb0be1c8543928b722255f5f5e17aa1.php 第 86 行.
NOTIC: [8] Use of undefined constant id - assumed 'id' /var/www/html/mama/toupiao/Application/Runtime/Cache/Home/9eb0be1c8543928b722255f5f5e17aa1.php 第 86 行.
NOTIC: [8] Undefined variable: optionType /var/www/html/mama/toupiao/Application/Runtime/Cache/Home/9eb0be1c8543928b722255f5f5e17aa1.php 第 138 行.
INFO: Run Behavior\ParseTemplateBehavior [ RunTime:0.007552s ]
INFO: [ view_parse ] --END-- [ RunTime:0.007579s ]
INFO: [ view_filter ] --START--
INFO: Run Behavior\WriteHtmlCacheBehavior [ RunTime:0.000077s ]
INFO: [ view_filter ] --END-- [ RunTime:0.000096s ]
INFO: [ app_end ] --START--
INFO: Run Behavior\ShowPageTraceBehavior [ RunTime:0.000366s ]
INFO: [ app_end ] --END-- [ RunTime:0.000402s ]

[ 2015-01-19T21:12:25+08:00 ] 127.0.0.1 /mama/toupiao/Vote/add.html
INFO: [ app_init ] --START--
INFO: Run Behavior\BuildLiteBehavior [ RunTime:0.000009s ]
INFO: [ app_init ] --END-- [ RunTime:0.000183s ]
INFO: [ app_begin ] --START--
INFO: Run Behavior\ReadHtmlCacheBehavior [ RunTime:0.000221s ]
INFO: [ app_begin ] --END-- [ RunTime:0.000257s ]
NOTIC: [8192] mysql_connect(): The mysql extension is deprecated and will be removed in the future: use mysqli or PDO instead /var/www/html/mama/toupiao/ThinkPHP/Library/Think/Db/Driver/Mysql.class.php 第 52 行.
SQL: SHOW COLUMNS FROM `common` [ RunTime:0.000326s ]
ERR: 1146:Table 'mama_toupiao.common' doesn't exist
 [ SQL语句 ] : SHOW COLUMNS FROM `common`
INFO: [ view_parse ] --START--
INFO: [ template_filter ] --START--
INFO: Run Behavior\ContentReplaceBehavior [ RunTime:0.000189s ]
INFO: [ template_filter ] --END-- [ RunTime:0.000353s ]
NOTIC: [8] Undefined variable: registerClass /var/www/html/mama/toupiao/Application/Runtime/Cache/Home/46b4f8ce50cfba97b2c6d2480ff21293.php 第 36 行.
NOTIC: [8] Undefined variable: researchClass /var/www/html/mama/toupiao/Application/Runtime/Cache/Home/46b4f8ce50cfba97b2c6d2480ff21293.php 第 39 行.
NOTIC: [8] Undefined variable: listClass /var/www/html/mama/toupiao/Application/Runtime/Cache/Home/46b4f8ce50cfba97b2c6d2480ff21293.php 第 62 行.
INFO: Run Behavior\ParseTemplateBehavior [ RunTime:0.007869s ]
INFO: [ view_parse ] --END-- [ RunTime:0.007899s ]
INFO: [ view_filter ] --START--
INFO: Run Behavior\WriteHtmlCacheBehavior [ RunTime:0.000073s ]
INFO: [ view_filter ] --END-- [ RunTime:0.000093s ]
INFO: [ app_end ] --START--
INFO: Run Behavior\ShowPageTraceBehavior [ RunTime:0.000265s ]
INFO: [ app_end ] --END-- [ RunTime:0.000295s ]

[ 2015-01-19T21:16:30+08:00 ] 127.0.0.1 /mama/toupiao/Vote/add.html
INFO: [ app_init ] --START--
INFO: Run Behavior\BuildLiteBehavior [ RunTime:0.000012s ]
INFO: [ app_init ] --END-- [ RunTime:0.000195s ]
INFO: [ app_begin ] --START--
INFO: Run Behavior\ReadHtmlCacheBehavior [ RunTime:0.000239s ]
INFO: [ app_begin ] --END-- [ RunTime:0.000275s ]
NOTIC: [8192] mysql_connect(): The mysql extension is deprecated and will be removed in the future: use mysqli or PDO instead /var/www/html/mama/toupiao/ThinkPHP/Library/Think/Db/Driver/Mysql.class.php 第 52 行.
SQL: SHOW COLUMNS FROM `common` [ RunTime:0.000315s ]
ERR: 1146:Table 'mama_toupiao.common' doesn't exist
 [ SQL语句 ] : SHOW COLUMNS FROM `common`
INFO: [ view_parse ] --START--
INFO: [ template_filter ] --START--
INFO: Run Behavior\ContentReplaceBehavior [ RunTime:0.000042s ]
INFO: [ template_filter ] --END-- [ RunTime:0.000081s ]
NOTIC: [8] Undefined variable: registerClass /var/www/html/mama/toupiao/Application/Runtime/Cache/Home/46b4f8ce50cfba97b2c6d2480ff21293.php 第 36 行.
NOTIC: [8] Undefined variable: researchClass /var/www/html/mama/toupiao/Application/Runtime/Cache/Home/46b4f8ce50cfba97b2c6d2480ff21293.php 第 39 行.
NOTIC: [8] Undefined variable: listClass /var/www/html/mama/toupiao/Application/Runtime/Cache/Home/46b4f8ce50cfba97b2c6d2480ff21293.php 第 62 行.
INFO: Run Behavior\ParseTemplateBehavior [ RunTime:0.006116s ]
INFO: [ view_parse ] --END-- [ RunTime:0.006146s ]
INFO: [ view_filter ] --START--
INFO: Run Behavior\WriteHtmlCacheBehavior [ RunTime:0.000075s ]
INFO: [ view_filter ] --END-- [ RunTime:0.000094s ]
INFO: [ app_end ] --START--
INFO: Run Behavior\ShowPageTraceBehavior [ RunTime:0.000260s ]
INFO: [ app_end ] --END-- [ RunTime:0.000288s ]

